This is pdfTeX, Version 3.1415926-2.5-1.40.14 (MiKTeX 2.9) (preloaded format=pdflatex 2015.4.9)  19 JAN 2016 10:23
entering extended mode
**root.tex
(C:\Users\Trigork\haspie-haspist\docs\log_def\root.tex
LaTeX2e <2011/06/27>
Babel <v3.8m> and hyphenation patterns for english, afrikaans, ancientgreek, ar
abic, armenian, assamese, basque, bengali, bokmal, bulgarian, catalan, coptic, 
croatian, czech, danish, dutch, esperanto, estonian, farsi, finnish, french, ga
lician, german, german-x-2013-05-26, greek, gujarati, hindi, hungarian, iceland
ic, indonesian, interlingua, irish, italian, kannada, kurmanji, latin, latvian,
 lithuanian, malayalam, marathi, mongolian, mongolianlmc, monogreek, ngerman, n
german-x-2013-05-26, nynorsk, oriya, panjabi, pinyin, polish, portuguese, roman
ian, russian, sanskrit, serbian, slovak, slovenian, spanish, swedish, swissgerm
an, tamil, telugu, turkish, turkmen, ukenglish, ukrainian, uppersorbian, usengl
ishmax, welsh, loaded.
("C:\Program Files (x86)\MiKTeX 2.9\tex\latex\base\report.cls"
Document Class: report 2007/10/19 v1.4h Standard LaTeX document class
("C:\Program Files (x86)\MiKTeX 2.9\tex\latex\base\size12.clo"
File: size12.clo 2007/10/19 v1.4h Standard LaTeX file (size option)
)
\c@part=\count79
\c@chapter=\count80
\c@section=\count81
\c@subsection=\count82
\c@subsubsection=\count83
\c@paragraph=\count84
\c@subparagraph=\count85
\c@figure=\count86
\c@table=\count87
\abovecaptionskip=\skip41
\belowcaptionskip=\skip42
\bibindent=\dimen102
)
(C:\Users\Trigork\haspie-haspist\docs\log_def\estilo_pfc.sty
Package: estilo_pfc 

Estilo LaTeX para Proyectos FIC
("C:\Program Files (x86)\MiKTeX 2.9\tex\latex\base\inputenc.sty"
Package: inputenc 2008/03/30 v1.1d Input encoding file
\inpenc@prehook=\toks14
\inpenc@posthook=\toks15

("C:\Program Files (x86)\MiKTeX 2.9\tex\latex\base\utf8.def"
File: utf8.def 2008/04/05 v1.1m UTF-8 support for inputenc
Now handling font encoding OML ...
... no UTF-8 mapping file for font encoding OML
Now handling font encoding T1 ...
... processing UTF-8 mapping file for font encoding T1

("C:\Program Files (x86)\MiKTeX 2.9\tex\latex\base\t1enc.dfu"
File: t1enc.dfu 2008/04/05 v1.1m UTF-8 support for inputenc
   defining Unicode char U+00A1 (decimal 161)
   defining Unicode char U+00A3 (decimal 163)
   defining Unicode char U+00AB (decimal 171)
   defining Unicode char U+00BB (decimal 187)
   defining Unicode char U+00BF (decimal 191)
   defining Unicode char U+00C0 (decimal 192)
   defining Unicode char U+00C1 (decimal 193)
   defining Unicode char U+00C2 (decimal 194)
   defining Unicode char U+00C3 (decimal 195)
   defining Unicode char U+00C4 (decimal 196)
   defining Unicode char U+00C5 (decimal 197)
   defining Unicode char U+00C6 (decimal 198)
   defining Unicode char U+00C7 (decimal 199)
   defining Unicode char U+00C8 (decimal 200)
   defining Unicode char U+00C9 (decimal 201)
   defining Unicode char U+00CA (decimal 202)
   defining Unicode char U+00CB (decimal 203)
   defining Unicode char U+00CC (decimal 204)
   defining Unicode char U+00CD (decimal 205)
   defining Unicode char U+00CE (decimal 206)
   defining Unicode char U+00CF (decimal 207)
   defining Unicode char U+00D0 (decimal 208)
   defining Unicode char U+00D1 (decimal 209)
   defining Unicode char U+00D2 (decimal 210)
   defining Unicode char U+00D3 (decimal 211)
   defining Unicode char U+00D4 (decimal 212)
   defining Unicode char U+00D5 (decimal 213)
   defining Unicode char U+00D6 (decimal 214)
   defining Unicode char U+00D8 (decimal 216)
   defining Unicode char U+00D9 (decimal 217)
   defining Unicode char U+00DA (decimal 218)
   defining Unicode char U+00DB (decimal 219)
   defining Unicode char U+00DC (decimal 220)
   defining Unicode char U+00DD (decimal 221)
   defining Unicode char U+00DE (decimal 222)
   defining Unicode char U+00DF (decimal 223)
   defining Unicode char U+00E0 (decimal 224)
   defining Unicode char U+00E1 (decimal 225)
   defining Unicode char U+00E2 (decimal 226)
   defining Unicode char U+00E3 (decimal 227)
   defining Unicode char U+00E4 (decimal 228)
   defining Unicode char U+00E5 (decimal 229)
   defining Unicode char U+00E6 (decimal 230)
   defining Unicode char U+00E7 (decimal 231)
   defining Unicode char U+00E8 (decimal 232)
   defining Unicode char U+00E9 (decimal 233)
   defining Unicode char U+00EA (decimal 234)
   defining Unicode char U+00EB (decimal 235)
   defining Unicode char U+00EC (decimal 236)
   defining Unicode char U+00ED (decimal 237)
   defining Unicode char U+00EE (decimal 238)
   defining Unicode char U+00EF (decimal 239)
   defining Unicode char U+00F0 (decimal 240)
   defining Unicode char U+00F1 (decimal 241)
   defining Unicode char U+00F2 (decimal 242)
   defining Unicode char U+00F3 (decimal 243)
   defining Unicode char U+00F4 (decimal 244)
   defining Unicode char U+00F5 (decimal 245)
   defining Unicode char U+00F6 (decimal 246)
   defining Unicode char U+00F8 (decimal 248)
   defining Unicode char U+00F9 (decimal 249)
   defining Unicode char U+00FA (decimal 250)
   defining Unicode char U+00FB (decimal 251)
   defining Unicode char U+00FC (decimal 252)
   defining Unicode char U+00FD (decimal 253)
   defining Unicode char U+00FE (decimal 254)
   defining Unicode char U+00FF (decimal 255)
   defining Unicode char U+0102 (decimal 258)
   defining Unicode char U+0103 (decimal 259)
   defining Unicode char U+0104 (decimal 260)
   defining Unicode char U+0105 (decimal 261)
   defining Unicode char U+0106 (decimal 262)
   defining Unicode char U+0107 (decimal 263)
   defining Unicode char U+010C (decimal 268)
   defining Unicode char U+010D (decimal 269)
   defining Unicode char U+010E (decimal 270)
   defining Unicode char U+010F (decimal 271)
   defining Unicode char U+0110 (decimal 272)
   defining Unicode char U+0111 (decimal 273)
   defining Unicode char U+0118 (decimal 280)
   defining Unicode char U+0119 (decimal 281)
   defining Unicode char U+011A (decimal 282)
   defining Unicode char U+011B (decimal 283)
   defining Unicode char U+011E (decimal 286)
   defining Unicode char U+011F (decimal 287)
   defining Unicode char U+0130 (decimal 304)
   defining Unicode char U+0131 (decimal 305)
   defining Unicode char U+0132 (decimal 306)
   defining Unicode char U+0133 (decimal 307)
   defining Unicode char U+0139 (decimal 313)
   defining Unicode char U+013A (decimal 314)
   defining Unicode char U+013D (decimal 317)
   defining Unicode char U+013E (decimal 318)
   defining Unicode char U+0141 (decimal 321)
   defining Unicode char U+0142 (decimal 322)
   defining Unicode char U+0143 (decimal 323)
   defining Unicode char U+0144 (decimal 324)
   defining Unicode char U+0147 (decimal 327)
   defining Unicode char U+0148 (decimal 328)
   defining Unicode char U+014A (decimal 330)
   defining Unicode char U+014B (decimal 331)
   defining Unicode char U+0150 (decimal 336)
   defining Unicode char U+0151 (decimal 337)
   defining Unicode char U+0152 (decimal 338)
   defining Unicode char U+0153 (decimal 339)
   defining Unicode char U+0154 (decimal 340)
   defining Unicode char U+0155 (decimal 341)
   defining Unicode char U+0158 (decimal 344)
   defining Unicode char U+0159 (decimal 345)
   defining Unicode char U+015A (decimal 346)
   defining Unicode char U+015B (decimal 347)
   defining Unicode char U+015E (decimal 350)
   defining Unicode char U+015F (decimal 351)
   defining Unicode char U+0160 (decimal 352)
   defining Unicode char U+0161 (decimal 353)
   defining Unicode char U+0162 (decimal 354)
   defining Unicode char U+0163 (decimal 355)
   defining Unicode char U+0164 (decimal 356)
   defining Unicode char U+0165 (decimal 357)
   defining Unicode char U+016E (decimal 366)
   defining Unicode char U+016F (decimal 367)
   defining Unicode char U+0170 (decimal 368)
   defining Unicode char U+0171 (decimal 369)
   defining Unicode char U+0178 (decimal 376)
   defining Unicode char U+0179 (decimal 377)
   defining Unicode char U+017A (decimal 378)
   defining Unicode char U+017B (decimal 379)
   defining Unicode char U+017C (decimal 380)
   defining Unicode char U+017D (decimal 381)
   defining Unicode char U+017E (decimal 382)
   defining Unicode char U+200C (decimal 8204)
   defining Unicode char U+2013 (decimal 8211)
   defining Unicode char U+2014 (decimal 8212)
   defining Unicode char U+2018 (decimal 8216)
   defining Unicode char U+2019 (decimal 8217)
   defining Unicode char U+201A (decimal 8218)
   defining Unicode char U+201C (decimal 8220)
   defining Unicode char U+201D (decimal 8221)
   defining Unicode char U+201E (decimal 8222)
   defining Unicode char U+2030 (decimal 8240)
   defining Unicode char U+2031 (decimal 8241)
   defining Unicode char U+2039 (decimal 8249)
   defining Unicode char U+203A (decimal 8250)
   defining Unicode char U+2423 (decimal 9251)
)
Now handling font encoding OT1 ...
... processing UTF-8 mapping file for font encoding OT1

("C:\Program Files (x86)\MiKTeX 2.9\tex\latex\base\ot1enc.dfu"
File: ot1enc.dfu 2008/04/05 v1.1m UTF-8 support for inputenc
   defining Unicode char U+00A1 (decimal 161)
   defining Unicode char U+00A3 (decimal 163)
   defining Unicode char U+00B8 (decimal 184)
   defining Unicode char U+00BF (decimal 191)
   defining Unicode char U+00C5 (decimal 197)
   defining Unicode char U+00C6 (decimal 198)
   defining Unicode char U+00D8 (decimal 216)
   defining Unicode char U+00DF (decimal 223)
   defining Unicode char U+00E6 (decimal 230)
   defining Unicode char U+00EC (decimal 236)
   defining Unicode char U+00ED (decimal 237)
   defining Unicode char U+00EE (decimal 238)
   defining Unicode char U+00EF (decimal 239)
   defining Unicode char U+00F8 (decimal 248)
   defining Unicode char U+0131 (decimal 305)
   defining Unicode char U+0141 (decimal 321)
   defining Unicode char U+0142 (decimal 322)
   defining Unicode char U+0152 (decimal 338)
   defining Unicode char U+0153 (decimal 339)
   defining Unicode char U+2013 (decimal 8211)
   defining Unicode char U+2014 (decimal 8212)
   defining Unicode char U+2018 (decimal 8216)
   defining Unicode char U+2019 (decimal 8217)
   defining Unicode char U+201C (decimal 8220)
   defining Unicode char U+201D (decimal 8221)
)
Now handling font encoding OMS ...
... processing UTF-8 mapping file for font encoding OMS

("C:\Program Files (x86)\MiKTeX 2.9\tex\latex\base\omsenc.dfu"
File: omsenc.dfu 2008/04/05 v1.1m UTF-8 support for inputenc
   defining Unicode char U+00A7 (decimal 167)
   defining Unicode char U+00B6 (decimal 182)
   defining Unicode char U+00B7 (decimal 183)
   defining Unicode char U+2020 (decimal 8224)
   defining Unicode char U+2021 (decimal 8225)
   defining Unicode char U+2022 (decimal 8226)
)
Now handling font encoding OMX ...
... no UTF-8 mapping file for font encoding OMX
Now handling font encoding U ...
... no UTF-8 mapping file for font encoding U
   defining Unicode char U+00A9 (decimal 169)
   defining Unicode char U+00AA (decimal 170)
   defining Unicode char U+00AE (decimal 174)
   defining Unicode char U+00BA (decimal 186)
   defining Unicode char U+02C6 (decimal 710)
   defining Unicode char U+02DC (decimal 732)
   defining Unicode char U+200C (decimal 8204)
   defining Unicode char U+2026 (decimal 8230)
   defining Unicode char U+2122 (decimal 8482)
   defining Unicode char U+2423 (decimal 9251)
))
("C:\Program Files (x86)\MiKTeX 2.9\tex\generic\babel\babel.sty"
Package: babel 2008/07/08 v3.8m The Babel package

*************************************
* Local config file bblopts.cfg used
*
("C:\Program Files (x86)\MiKTeX 2.9\tex\latex\00miktex\bblopts.cfg"
File: bblopts.cfg 2006/07/31 v1.0 MiKTeX 'babel' configuration
)
("C:\Program Files (x86)\MiKTeX 2.9\tex\generic\babel\spanish.ldf"
Language: spanish.ldf 2009/01/02 v5.0h Spanish support from the babel system

("C:\Program Files (x86)\MiKTeX 2.9\tex\generic\babel\babel.def"
File: babel.def 2008/07/08 v3.8m Babel common definitions
\babel@savecnt=\count88
\U@D=\dimen103
)
\es@datefmt=\count89
\es@quottoks=\toks16
\es@quotdepth=\count90
Package babel Info: Making " an active character on input line 492.
Package babel Info: Making . an active character on input line 585.
Package babel Info: Making < an active character on input line 630.
Package babel Info: Making > an active character on input line 630.
))
("C:\Program Files (x86)\MiKTeX 2.9\tex\latex\tools\indentfirst.sty"
Package: indentfirst 1995/11/23 v1.03 Indent first paragraph (DPC)
)
("C:\Program Files (x86)\MiKTeX 2.9\tex\latex\base\latexsym.sty"
Package: latexsym 1998/08/17 v2.2e Standard LaTeX package (lasy symbols)
\symlasy=\mathgroup4
LaTeX Font Info:    Overwriting symbol font `lasy' in version `bold'
(Font)                  U/lasy/m/n --> U/lasy/b/n on input line 47.
)
("C:\Program Files (x86)\MiKTeX 2.9\tex\latex\amsmath\amsmath.sty"
Package: amsmath 2013/01/14 v2.14 AMS math features
\@mathmargin=\skip43

For additional information on amsmath, use the `?' option.
("C:\Program Files (x86)\MiKTeX 2.9\tex\latex\amsmath\amstext.sty"
Package: amstext 2000/06/29 v2.01

("C:\Program Files (x86)\MiKTeX 2.9\tex\latex\amsmath\amsgen.sty"
File: amsgen.sty 1999/11/30 v2.0
\@emptytoks=\toks17
\ex@=\dimen104
))
("C:\Program Files (x86)\MiKTeX 2.9\tex\latex\amsmath\amsbsy.sty"
Package: amsbsy 1999/11/29 v1.2d
\pmbraise@=\dimen105
)
("C:\Program Files (x86)\MiKTeX 2.9\tex\latex\amsmath\amsopn.sty"
Package: amsopn 1999/12/14 v2.01 operator names
)
\inf@bad=\count91
LaTeX Info: Redefining \frac on input line 210.
\uproot@=\count92
\leftroot@=\count93
LaTeX Info: Redefining \overline on input line 306.
\classnum@=\count94
\DOTSCASE@=\count95
LaTeX Info: Redefining \ldots on input line 378.
LaTeX Info: Redefining \dots on input line 381.
LaTeX Info: Redefining \cdots on input line 466.
\Mathstrutbox@=\box26
\strutbox@=\box27
\big@size=\dimen106
LaTeX Font Info:    Redeclaring font encoding OML on input line 566.
LaTeX Font Info:    Redeclaring font encoding OMS on input line 567.
\macc@depth=\count96
\c@MaxMatrixCols=\count97
\dotsspace@=\muskip10
\c@parentequation=\count98
\dspbrk@lvl=\count99
\tag@help=\toks18
\row@=\count100
\column@=\count101
\maxfields@=\count102
\andhelp@=\toks19
\eqnshift@=\dimen107
\alignsep@=\dimen108
\tagshift@=\dimen109
\tagwidth@=\dimen110
\totwidth@=\dimen111
\lineht@=\dimen112
\@envbody=\toks20
\multlinegap=\skip44
\multlinetaggap=\skip45
\mathdisplay@stack=\toks21
LaTeX Info: Redefining \[ on input line 2665.
LaTeX Info: Redefining \] on input line 2666.
)
("C:\Program Files (x86)\MiKTeX 2.9\tex\latex\amsfonts\amssymb.sty"
Package: amssymb 2013/01/14 v3.01 AMS font symbols

("C:\Program Files (x86)\MiKTeX 2.9\tex\latex\amsfonts\amsfonts.sty"
Package: amsfonts 2013/01/14 v3.01 Basic AMSFonts support
\symAMSa=\mathgroup5
\symAMSb=\mathgroup6
LaTeX Font Info:    Overwriting math alphabet `\mathfrak' in version `bold'
(Font)                  U/euf/m/n --> U/euf/b/n on input line 106.
))
("C:\Program Files (x86)\MiKTeX 2.9\tex\latex\graphics\graphicx.sty"
Package: graphicx 1999/02/16 v1.0f Enhanced LaTeX Graphics (DPC,SPQR)

("C:\Program Files (x86)\MiKTeX 2.9\tex\latex\graphics\keyval.sty"
Package: keyval 1999/03/16 v1.13 key=value parser (DPC)
\KV@toks@=\toks22
)
("C:\Program Files (x86)\MiKTeX 2.9\tex\latex\graphics\graphics.sty"
Package: graphics 2009/02/05 v1.0o Standard LaTeX Graphics (DPC,SPQR)

("C:\Program Files (x86)\MiKTeX 2.9\tex\latex\graphics\trig.sty"
Package: trig 1999/03/16 v1.09 sin cos tan (DPC)
)
("C:\Program Files (x86)\MiKTeX 2.9\tex\latex\00miktex\graphics.cfg"
File: graphics.cfg 2007/01/18 v1.5 graphics configuration of teTeX/TeXLive
)
Package graphics Info: Driver file: pdftex.def on input line 91.

("C:\Program Files (x86)\MiKTeX 2.9\tex\latex\pdftex-def\pdftex.def"
File: pdftex.def 2011/05/27 v0.06d Graphics/color for pdfTeX

("C:\Program Files (x86)\MiKTeX 2.9\tex\generic\oberdiek\infwarerr.sty"
Package: infwarerr 2010/04/08 v1.3 Providing info/warning/error messages (HO)
)
("C:\Program Files (x86)\MiKTeX 2.9\tex\generic\oberdiek\ltxcmds.sty"
Package: ltxcmds 2011/11/09 v1.22 LaTeX kernel commands for general use (HO)
)
\Gread@gobject=\count103
))
\Gin@req@height=\dimen113
\Gin@req@width=\dimen114
)
("C:\Program Files (x86)\MiKTeX 2.9\tex\latex\tools\hhline.sty"
Package: hhline 1994/05/23 v2.03 Table rule package (DPC)
)
("C:\Program Files (x86)\MiKTeX 2.9\tex\latex\subfigure\subfigure.sty"
Package: subfigure 2002/07/30 v2.1.4 subfigure package
\subfigtopskip=\skip46
\subfigcapskip=\skip47
\subfigcaptopadj=\dimen115
\subfigbottomskip=\skip48
\subfigcapmargin=\dimen116
\subfiglabelskip=\skip49
\c@subfigure=\count104
\c@lofdepth=\count105
\c@subtable=\count106
\c@lotdepth=\count107

****************************************
* Local config file subfigure.cfg used *
****************************************
("C:\Program Files (x86)\MiKTeX 2.9\tex\latex\subfigure\subfigure.cfg")
\subfig@top=\skip50
\subfig@bottom=\skip51
)
("C:\Program Files (x86)\MiKTeX 2.9\tex\latex\tools\longtable.sty"
Package: longtable 2004/02/01 v4.11 Multi-page Table package (DPC)
\LTleft=\skip52
\LTright=\skip53
\LTpre=\skip54
\LTpost=\skip55
\LTchunksize=\count108
\LTcapwidth=\dimen117
\LT@head=\box28
\LT@firsthead=\box29
\LT@foot=\box30
\LT@lastfoot=\box31
\LT@cols=\count109
\LT@rows=\count110
\c@LT@tables=\count111
\c@LT@chunks=\count112
\LT@p@ftn=\toks23
)
("C:\Program Files (x86)\MiKTeX 2.9\tex\latex\minitoc\minitoc.sty"
Package: minitoc 2008/07/16 v60 Package minitoc (JPFD)

("C:\Program Files (x86)\MiKTeX 2.9\tex\latex\minitoc\mtcmess.sty"
Package: mtcmess 2006/03/14
)
Package minitoc Info: I0001
(minitoc)             *** minitoc package, version 60 ***.
\tf@mtc=\write3
\mtcindent=\skip56
\mtcskipamount=\skip57
Package minitoc Info: I0005
(minitoc)             compatible with hyperref.
Package minitoc Info: I0023
(minitoc)             part level macros available.
Package minitoc Info: I0003
(minitoc)             chapter level macros available.
\mtc@toks=\toks24
\mtc@strutbox=\box32
\mtc@hstrutbox=\box33
Package minitoc Info: I0002
(minitoc)             Autoconfiguration of extensions.

(C:\Users\Trigork\haspie-haspist\docs\log_def\root.mtc0)
Package minitoc Info: I0012
(minitoc)             Long extensions (Unix-like) will be used.
Package minitoc Info: I0031
(minitoc)             ==> this version is configured for UNIX-like 
(minitoc)                 (long extensions) file names.
\c@mtc=\count113
\c@minitocdepth=\count114
\c@ptc=\count115
\c@parttocdepth=\count116
\ptcindent=\skip58
Package minitoc Info: I0010
(minitoc)             The english language is selected.
(minitoc)              on input line 4910.

("C:\Program Files (x86)\MiKTeX 2.9\tex\latex\minitoc\english.mld"
File: english.mld 2006/01/13
)
("C:\Program Files (x86)\MiKTeX 2.9\tex\latex\minitoc\english.mld"
File: english.mld 2006/01/13
))
("C:\Program Files (x86)\MiKTeX 2.9\tex\latex\titlesec\titlesec.sty"
Package: titlesec 2011/12/15 v2.10.0 Sectioning titles
\ttl@box=\box34
\beforetitleunit=\skip59
\aftertitleunit=\skip60
\ttl@plus=\dimen118
\ttl@minus=\dimen119
\ttl@toksa=\toks25
\titlewidth=\dimen120
\titlewidthlast=\dimen121
\titlewidthfirst=\dimen122
)
("C:\Program Files (x86)\MiKTeX 2.9\tex\latex\fancyhdr\fancyhdr.sty"
\fancy@headwidth=\skip61
\f@ncyO@elh=\skip62
\f@ncyO@erh=\skip63
\f@ncyO@olh=\skip64
\f@ncyO@orh=\skip65
\f@ncyO@elf=\skip66
\f@ncyO@erf=\skip67
\f@ncyO@olf=\skip68
\f@ncyO@orf=\skip69
)
("C:\Program Files (x86)\MiKTeX 2.9\tex\latex\cite\cite.sty"
LaTeX Info: Redefining \cite on input line 302.
LaTeX Info: Redefining \nocite on input line 332.
Package: cite 2015/02/27  v 5.5
)
("C:\Program Files (x86)\MiKTeX 2.9\tex\latex\graphics\lscape.sty"
Package: lscape 2000/10/22 v3.01 Landscape Pages (DPC)
)
("C:\Program Files (x86)\MiKTeX 2.9\tex\latex\tocbibind\tocbibind.sty"
Package: tocbibind 2010/10/13 v1.5k extra ToC listings
Package tocbibind Info: The document has chapter divisions on input line 50.


Package tocbibind Note: Using chapter style headings, unless overridden.

) ("C:\Program Files (x86)\MiKTeX 2.9\tex\latex\setspace\setspace.sty"
Package: setspace 2011/12/19 v6.7a set line spacing
)
("C:\Program Files (x86)\MiKTeX 2.9\tex\latex\lettrine\lettrine.sty"
File: lettrine.sty 2015/02/16 v1.8 (Daniel Flipo)
\c@DefaultLines=\count117
\c@DefaultDepth=\count118
\DefaultFindent=\dimen123
\DefaultNindent=\dimen124
\DefaultSlope=\dimen125
\DiscardVskip=\dimen126
\L@lbox=\box35
\L@tbox=\box36
\c@L@lines=\count119
\c@L@depth=\count120
\L@Pindent=\dimen127
\L@Findent=\dimen128
\L@Nindent=\dimen129
\L@lraise=\dimen130
\L@first=\dimen131
\L@next=\dimen132
\L@slope=\dimen133
\L@height=\dimen134
\L@novskip=\dimen135
\LettrineWidth=\dimen136
\LettrineHeight=\dimen137
\LettrineDepth=\dimen138

Loading lettrine.cfg
("C:\Program Files (x86)\MiKTeX 2.9\tex\latex\lettrine\lettrine.cfg"))
("C:\Program Files (x86)\MiKTeX 2.9\tex\latex\eurosym\eurosym.sty"
Package: eurosym 1998/08/06 v1.1 European currency symbol ``Euro''
\@eurobox=\box37
)
("C:\Program Files (x86)\MiKTeX 2.9\tex\latex\geometry\geometry.sty"
Package: geometry 2010/09/12 v5.6 Page Geometry

("C:\Program Files (x86)\MiKTeX 2.9\tex\generic\oberdiek\ifpdf.sty"
Package: ifpdf 2011/01/30 v2.3 Provides the ifpdf switch (HO)
Package ifpdf Info: pdfTeX in PDF mode is detected.
)
("C:\Program Files (x86)\MiKTeX 2.9\tex\generic\oberdiek\ifvtex.sty"
Package: ifvtex 2010/03/01 v1.5 Detect VTeX and its facilities (HO)
Package ifvtex Info: VTeX not detected.
)
("C:\Program Files (x86)\MiKTeX 2.9\tex\generic\ifxetex\ifxetex.sty"
Package: ifxetex 2010/09/12 v0.6 Provides ifxetex conditional
)
\Gm@cnth=\count121
\Gm@cntv=\count122
\c@Gm@tempcnt=\count123
\Gm@bindingoffset=\dimen139
\Gm@wd@mp=\dimen140
\Gm@odd@mp=\dimen141
\Gm@even@mp=\dimen142
\Gm@layoutwidth=\dimen143
\Gm@layoutheight=\dimen144
\Gm@layouthoffset=\dimen145
\Gm@layoutvoffset=\dimen146
\Gm@dimlist=\toks26

("C:\Program Files (x86)\MiKTeX 2.9\tex\latex\geometry\geometry.cfg")))
("C:\Program Files (x86)\MiKTeX 2.9\tex\latex\musixtex\musixtex.sty"
("C:\Program Files (x86)\MiKTeX 2.9\tex\generic\musixtex\musixtex.tex"
MusiXTeX(c) 1.17 <2015-05-25>
\n@i=\count124
\n@ii=\count125
\n@iii=\count126
\n@iv=\count127
\n@v=\count128
\n@vi=\count129
\n@vii=\count130
\n@viii=\count131
\toks@box=\box38
\w@rkbox=\box39
\n@otebox=\box40
\y@=\dimen147
\y@i=\dimen148
\y@ii=\dimen149
\y@iii=\dimen150
\y@iv=\dimen151
\y@v=\dimen152
\group@no=\count132
\interinstrument=\dimen153
\N@s=\count133
\s@Y=\dimen154
\lin@pos=\dimen155
\meet@minus@n@iv=\count134
\interbeam=\dimen156
\b@amthick=\dimen157
\Interligne=\dimen158
\Internote=\dimen159
\ch@box=\box41
\musicsize=\count135
\qd@skip=\dimen160
\qn@width=\dimen161
\wn@width=\dimen162
\txt@ff=\skip70
\s@indent=\skip71
\big@spc=\skip72
\lthick=\dimen163
\afterruleskip=\skip73
\staffbotmarg=\dimen164
\stafftopmarg=\dimen165
\line@width=\dimen166
\interportee=\dimen167
\noport@@=\count136
\noinstrum@nt=\count137
\altportee=\dimen168
\systemheight=\dimen169
\altplancher=\dimen170
\instrum@in@group=\skip74
\boxitsep=\skip75
\barsinpi@c@=\count138
\barno=\count139
\startbarno=\count140
\sign@skip=\dimen171
\maxsign@skip=\dimen172
\x@skip=\dimen173
\n@skip=\dimen174
\beforeruleskip=\skip76
\widthtyp@=\count141
\lastbarno=\count142
\cut@v=\skip77
\init@volta@pos=\skip78
\volta@startcor=\skip79
\volta@endcor=\skip80
\writ@volta@box=\box42
\barsinlin@=\count143
\maxbarsinlin@=\count144
\lastbarpos=\skip81
\ut@ref=\count145
\meterskip=\skip82
\t@c=\toks27
\clef@skip=\skip83
\noteskip=\dimen175
\transpose=\count146
\normaltranspose=\count147
\locx@skip=\dimen176
\elemskip=\dimen177
\@l@mskip=\dimen178
\inh@alt=\count148
\st@bot=\dimen179
\st@top=\dimen180
\stem@skip=\dimen181
\s@lope=\dimen182
\y@vi=\dimen183
\lift@rest=\dimen184
\accshift=\skip84
\@icresc=\skip85
\@itrillei=\skip86
\@itrilleii=\skip87
\@itrilleiii=\skip88
\@itrilleiv=\skip89
\@itrillev=\skip90
\@itrillevi=\skip91
\tr@number=\count149
\o@swz=\toks28
\o@number=\count150
\y@vii=\dimen185
\y@viii=\dimen186
\y@ix=\dimen187
\tuptxtb@x=\box43
\notes@open=\count151
\k@ii=\skip92
\i@ni=\dimen188
\b@xi=\dimen189
\b@zi=\dimen190
\c@xi=\dimen191
\c@zi=\skip93
\d@xi=\dimen192
\d@zi=\skip94
\e@xi=\dimen193
\e@zi=\skip95
\b@pi=\count152
\b@ni=\count153
\n@pi=\count154
\a@si=\count155
\o@si=\count156
\a@ci=\toks29
\o@ci=\toks30
\m@ti=\toks31
\k@iii=\skip96
\i@nii=\dimen194
\b@xii=\dimen195
\b@zii=\dimen196
\c@xii=\dimen197
\c@zii=\skip97
\d@xii=\dimen198
\d@zii=\skip98
\e@xii=\dimen199
\e@zii=\skip99
\b@pii=\count157
\b@nii=\count158
\n@pii=\count159
\a@sii=\count160
\o@sii=\count161
\a@cii=\toks32
\o@cii=\toks33
\m@tii=\toks34
\k@iiii=\skip100
\i@niii=\dimen200
\b@xiii=\dimen201
\b@ziii=\dimen202
\c@xiii=\dimen203
\c@ziii=\skip101
\d@xiii=\dimen204
\d@ziii=\skip102
\e@xiii=\dimen205
\e@ziii=\skip103
\b@piii=\count162
\b@niii=\count163
\n@piii=\count164
\a@siii=\count165
\o@siii=\count166
\a@ciii=\toks35
\o@ciii=\toks36
\m@tiii=\toks37
\k@iiv=\skip104
\i@niv=\dimen206
\b@xiv=\dimen207
\b@ziv=\dimen208
\c@xiv=\dimen209
\c@ziv=\skip105
\d@xiv=\dimen210
\d@ziv=\skip106
\e@xiv=\dimen211
\e@ziv=\skip107
\b@piv=\count167
\b@niv=\count168
\n@piv=\count169
\a@siv=\count170
\o@siv=\count171
\a@civ=\toks38
\o@civ=\toks39
\m@tiv=\toks40
\k@iv=\skip108
\i@nv=\dimen212
\b@xv=\dimen213
\b@zv=\dimen214
\c@xv=\dimen215
\c@zv=\skip109
\d@xv=\dimen216
\d@zv=\skip110
\e@xv=\dimen217
\e@zv=\skip111
\b@pv=\count172
\b@nv=\count173
\n@pv=\count174
\a@sv=\count175
\o@sv=\count176
\a@cv=\toks41
\o@cv=\toks42
\m@tv=\toks43
\k@ivi=\skip112
\i@nvi=\dimen218
\b@xvi=\dimen219
\b@zvi=\dimen220
\c@xvi=\dimen221
\c@zvi=\skip113
\d@xvi=\dimen222
\d@zvi=\skip114
\e@xvi=\dimen223
\e@zvi=\skip115
\b@pvi=\count177
\b@nvi=\count178
\n@pvi=\count179
\a@svi=\count180
\o@svi=\count181
\a@cvi=\toks44
\o@cvi=\toks45
\m@tvi=\toks46
maxinstruments=6
\f@xi=\dimen224
\f@zi=\skip116
\f@xii=\dimen225
\f@zii=\skip117
\f@xiii=\dimen226
\f@ziii=\skip118
\f@xiv=\dimen227
\f@ziv=\skip119
\f@xv=\dimen228
\f@zv=\skip120
\f@xvi=\dimen229
\f@zvi=\skip121
 max128beams=6
\g@bi=\skip122
\g@hi=\skip123
\g@bii=\skip124
\g@hii=\skip125
\g@biii=\skip126
\g@hiii=\skip127
 maxgroups=3
\s@xi=\dimen230
\s@si=\toks47
\s@Yi=\dimen231
\s@ai=\skip128
\s@yi=\count182
\s@Ni=\count183
\s@zi=\count184
\s@di=\toks48
\s@xii=\dimen232
\s@sii=\toks49
\s@Yii=\dimen233
\s@aii=\skip129
\s@yii=\count185
\s@Nii=\count186
\s@zii=\count187
\s@dii=\toks50

! No room for a new \dimen .
\ch@ck ...\else \errmessage {No room for a new #3}
                                                  \fi 
l.4756 \setmaxslurs\maxinstruments
                                  
This error message was generated by an \errmessage
command, so I can't give any explicit help.
Pretend that you're Hercule Poirot: Examine all clues,
and deduce the truth by order and method.

\s@xiii=\dimen234
\s@siii=\toks51
! No room for a new \dimen .
\ch@ck ...\else \errmessage {No room for a new #3}
                                                  \fi 
l.4756 \setmaxslurs\maxinstruments
                                  
(That was another \errmessage.)

\s@Yiii=\dimen235
\s@aiii=\skip130
\s@yiii=\count188
\s@Niii=\count189
\s@ziii=\count190
\s@diii=\toks52
! No room for a new \dimen .
\ch@ck ...\else \errmessage {No room for a new #3}
                                                  \fi 
l.4756 \setmaxslurs\maxinstruments
                                  
(That was another \errmessage.)

\s@xiv=\dimen236
\s@siv=\toks53
! No room for a new \dimen .
\ch@ck ...\else \errmessage {No room for a new #3}
                                                  \fi 
l.4756 \setmaxslurs\maxinstruments
                                  
(That was another \errmessage.)

\s@Yiv=\dimen237
\s@aiv=\skip131
\s@yiv=\count191
\s@Niv=\count192
\s@ziv=\count193
\s@div=\toks54
! No room for a new \dimen .
\ch@ck ...\else \errmessage {No room for a new #3}
                                                  \fi 
l.4756 \setmaxslurs\maxinstruments
                                  
(That was another \errmessage.)

\s@xv=\dimen238
\s@sv=\toks55
! No room for a new \dimen .
\ch@ck ...\else \errmessage {No room for a new #3}
                                                  \fi 
l.4756 \setmaxslurs\maxinstruments
                                  
(That was another \errmessage.)

\s@Yv=\dimen239
\s@av=\skip132
\s@yv=\count194
\s@Nv=\count195
\s@zv=\count196
\s@dv=\toks56
! No room for a new \dimen .
\ch@ck ...\else \errmessage {No room for a new #3}
                                                  \fi 
l.4756 \setmaxslurs\maxinstruments
                                  
(That was another \errmessage.)

\s@xvi=\dimen240
\s@svi=\toks57
! No room for a new \dimen .
\ch@ck ...\else \errmessage {No room for a new #3}
                                                  \fi 
l.4756 \setmaxslurs\maxinstruments
                                  
(That was another \errmessage.)

\s@Yvi=\dimen241
\s@avi=\skip133
\s@yvi=\count197
\s@Nvi=\count198
\s@zvi=\count199
\s@dvi=\toks58
maxslurs=6
\tr@xi=\skip134
\tr@swi=\toks59
\tr@yi=\skip135
\tr@xii=\skip136
\tr@swii=\toks60
\tr@yii=\skip137
\tr@xiii=\skip138
\tr@swiii=\toks61
\tr@yiii=\skip139
\tr@xiv=\skip140
\tr@swiv=\toks62
\tr@yiv=\skip141
\tr@xv=\skip142
\tr@swv=\toks63
\tr@yv=\skip143
\tr@xvi=\skip144
\tr@swvi=\toks64
\tr@yvi=\skip145
 maxtrills=6
\o@xi=\skip146
\o@yi=\skip147
\o@swi=\toks65
\o@xii=\skip148
\o@yii=\skip149
\o@swii=\toks66
\o@xiii=\skip150
\o@yiii=\skip151
\o@swiii=\toks67
\o@xiv=\skip152
\o@yiv=\skip153
\o@swiv=\toks68
\o@xv=\skip154
\o@yv=\skip155
\o@swv=\toks69
\o@xvi=\skip156
\o@yvi=\skip157
\o@swvi=\toks70
 maxoctlines=6
\outmux=\write4
\mulooseness=\count200
\linegoal=\count201
\l@eftrightbox=\box44
\inmux=\read1
)
("C:\Program Files (x86)\MiKTeX 2.9\tex\latex\musixtex\musixltx.tex"
MusiXLaTeX T.61 <25 September 1996>
)) (C:\Users\Trigork\haspie-haspist\docs\log_def\root.aux
(C:\Users\Trigork\haspie-haspist\docs\log_def\cover.aux)
(C:\Users\Trigork\haspie-haspist\docs\log_def\draft.aux)
(C:\Users\Trigork\haspie-haspist\docs\log_def\director-agreement.aux)
(C:\Users\Trigork\haspie-haspist\docs\log_def\dedication.aux)
(C:\Users\Trigork\haspie-haspist\docs\log_def\gratefulnesses.aux)
(C:\Users\Trigork\haspie-haspist\docs\log_def\abstract.aux)
(C:\Users\Trigork\haspie-haspist\docs\log_def\keywords.aux)
(C:\Users\Trigork\haspie-haspist\docs\log_def\introduction.aux)
(C:\Users\Trigork\haspie-haspist\docs\log_def\contextualization.aux)
(C:\Users\Trigork\haspie-haspist\docs\log_def\implementation.aux)
(C:\Users\Trigork\haspie-haspist\docs\log_def\evaluation.aux)
(C:\Users\Trigork\haspie-haspist\docs\log_def\conclusions.aux)
(C:\Users\Trigork\haspie-haspist\docs\log_def\appendix.aux))
LaTeX Font Info:    Checking defaults for OML/cmm/m/it on input line 20.
LaTeX Font Info:    ... okay on input line 20.
LaTeX Font Info:    Checking defaults for T1/cmr/m/n on input line 20.
LaTeX Font Info:    ... okay on input line 20.
LaTeX Font Info:    Checking defaults for OT1/cmr/m/n on input line 20.
LaTeX Font Info:    ... okay on input line 20.
LaTeX Font Info:    Checking defaults for OMS/cmsy/m/n on input line 20.
LaTeX Font Info:    ... okay on input line 20.
LaTeX Font Info:    Checking defaults for OMX/cmex/m/n on input line 20.
LaTeX Font Info:    ... okay on input line 20.
LaTeX Font Info:    Checking defaults for U/cmr/m/n on input line 20.
LaTeX Font Info:    ... okay on input line 20.

("C:\Program Files (x86)\MiKTeX 2.9\tex\context\base\supp-pdf.mkii"
[Loading MPS to PDF converter (version 2006.09.02).]
\scratchcounter=\count202
! No room for a new \dimen .
\ch@ck ...\else \errmessage {No room for a new #3}
                                                  \fi 
l.137 ... \csname newdimen\endcsname \scratchdimen
                                                  
(That was another \errmessage.)

\scratchdimen=\dimen242
\scratchbox=\box45
\nofMPsegments=\count203
\nofMParguments=\count204
\everyMPshowfont=\toks71
\MPscratchCnt=\count205
! No room for a new \dimen .
\ch@ck ...\else \errmessage {No room for a new #3}
                                                  \fi 
l.1253 \newdimen\MPscratchDim
                              % will be assigned global
(That was another \errmessage.)

\MPscratchDim=\dimen243
\MPnumerator=\count206
\makeMPintoPDFobject=\count207
\everyMPtoPDFconversion=\toks72
)
\c@minilofdepth=\count208
\c@minilotdepth=\count209
\c@partlofdepth=\count210
\c@partlotdepth=\count211
\c@sectlofdepth=\count212
\c@sectlotdepth=\count213
Package minitoc(hints) Info: I0049
(minitoc(hints))             ==> You requested the hints option. 
(minitoc(hints))             Some hints are eventually given below.
Package minitoc(hints) Info: I0046
(minitoc(hints))             --- The tocbibind package is loaded. 
(minitoc(hints))             See the minitoc package documentation 
(minitoc(hints))             for specific precautions.


Package minitoc(hints) Warning: W0099
(minitoc(hints))                --- The titlesec package is loaded. 
(minitoc(hints))                It is incompatible 
(minitoc(hints))                with the minitoc package.

*geometry* driver: auto-detecting
*geometry* detected driver: pdftex
*geometry* verbose mode - [ preamble ] result:
* driver: pdftex
* paper: a4paper
* layout: <same size as paper>
* layoutoffset:(h,v)=(0.0pt,0.0pt)
* modes: twoside 
* h-part:(L,W,R)=(113.81102pt, 412.56497pt, 71.13188pt)
* v-part:(T,H,B)=(113.81102pt, 617.4248pt, 113.81102pt)
* \paperwidth=597.50787pt
* \paperheight=845.04684pt
* \textwidth=412.56497pt
* \textheight=617.4248pt
* \oddsidemargin=41.54103pt
* \evensidemargin=-1.1381pt
* \topmargin=4.54103pt
* \headheight=30.0pt
* \headsep=25.0pt
* \topskip=12.0pt
* \footskip=30.0pt
* \marginparwidth=85.0pt
* \marginparsep=10.0pt
* \columnsep=10.0pt
* \skip\footins=10.8pt plus 4.0pt minus 2.0pt
* \hoffset=0.0pt
* \voffset=0.0pt
* \mag=1000
* \@twocolumnfalse
* \@twosidetrue
* \@mparswitchtrue
* \@reversemarginfalse
* (1in=72.27pt=25.4mm, 1cm=28.453pt)

(C:\Users\Trigork\haspie-haspist\docs\log_def\cover.tex
<imagenes/anagramaUDC.png, id=1, 890.965pt x 114.975pt>
File: imagenes/anagramaUDC.png Graphic file (type png)

<use imagenes/anagramaUDC.png>
Package pdftex.def Info: imagenes/anagramaUDC.png used on input line 3.
(pdftex.def)             Requested size: 142.26378pt x 18.35777pt.
LaTeX Font Info:    Try loading font information for U+lasy on input line 12.

("C:\Program Files (x86)\MiKTeX 2.9\tex\latex\base\ulasy.fd"
File: ulasy.fd 1998/08/17 v2.2e LaTeX symbol font definitions
)
LaTeX Font Info:    Try loading font information for U+msa on input line 12.

("C:\Program Files (x86)\MiKTeX 2.9\tex\latex\amsfonts\umsa.fd"
File: umsa.fd 2013/01/14 v3.01 AMS symbols A
)
LaTeX Font Info:    Try loading font information for U+msb on input line 12.

("C:\Program Files (x86)\MiKTeX 2.9\tex\latex\amsfonts\umsb.fd"
File: umsb.fd 2013/01/14 v3.01 AMS symbols B
) [1


{C:/ProgramData/MiKTeX/2.9/pdftex/config/pdftex.map} <C:/Users/Trigork/haspie-h
aspist/docs/log_def/imagenes/anagramaUDC.png>]) [2

]
(C:\Users\Trigork\haspie-haspist\docs\log_def\draft.tex) [3

] [4

]
(C:\Users\Trigork\haspie-haspist\docs\log_def\director-agreement.tex) [5

]
[6

] (C:\Users\Trigork\haspie-haspist\docs\log_def\dedication.tex) [7

] [8

]
(C:\Users\Trigork\haspie-haspist\docs\log_def\gratefulnesses.tex)
Underfull \hbox (badness 10000) in paragraph at lines 3--40


\hbox(0.0+0.0)x412.56497 []

[9

] [10

] (C:\Users\Trigork\haspie-haspist\docs\log_def\abstract.tex [1

])
[2

] (C:\Users\Trigork\haspie-haspist\docs\log_def\keywords.tex
Underfull \hbox (badness 10000) in paragraph at lines 3--4


\hbox(0.0+0.0)x383.19028 []

) [3

] [4

] (C:\Users\Trigork\haspie-haspist\docs\log_def\root.toc [1

] [2])
\tf@toc=\write5

[3] [4

] (C:\Users\Trigork\haspie-haspist\docs\log_def\root.lof [5])
\tf@lof=\write6
 [6]
[7

] (C:\Users\Trigork\haspie-haspist\docs\log_def\introduction.tex
Cap\'{\i }tulo 1.
LaTeX Font Info:    Try loading font information for OT1+pag on input line 11.
("C:\Program Files (x86)\MiKTeX 2.9\tex\latex\psnfss\ot1pag.fd"
File: ot1pag.fd 2001/06/04 font definitions for OT1/pag.
) [1



] [2]
[3] [4]) [5]
(C:\Users\Trigork\haspie-haspist\docs\log_def\contextualization.tex [6



]
Cap\'{\i }tulo 2.
[7] [8] [9] [10] [11] [12]
<imagenes/music_tree.pdf, id=121, 723.70375pt x 412.54124pt>
File: imagenes/music_tree.pdf Graphic file (type pdf)

<use imagenes/music_tree.pdf>
Package pdftex.def Info: imagenes/music_tree.pdf used on input line 105.
(pdftex.def)             Requested size: 330.05322pt x 188.1472pt.
 bar 1 bar 2 [13] bar 1 bar 2 [14 <C:/Users/Trigork/haspie-haspist/docs/log_def
/imagenes/music_tree.pdf>] [15] bar 1 bar 2 bar 1
bar 1

LaTeX Warning: `!h' float specifier changed to `!ht'.

[16] bar 1 bar 1

LaTeX Warning: `h' float specifier changed to `ht'.

[17] [18] bar 1 bar 1 bar 2 [19] [20]) [21]
(C:\Users\Trigork\haspie-haspist\docs\log_def\implementation.tex [22



]
Cap\'{\i }tulo 3.
<imagenes/espiral.jpg, id=179, 568.37344pt x 382.42876pt>
File: imagenes/espiral.jpg Graphic file (type jpg)

<use imagenes/espiral.jpg>
Package pdftex.def Info: imagenes/espiral.jpg used on input line 16.
(pdftex.def)             Requested size: 330.05322pt x 222.08308pt.
 [23] [24 <C:/Users/Trigork/haspie-haspist/docs/log_def/imagenes/espiral.jpg>]
<imagenes/diagrama_tareas.pdf, id=186, 726.715pt x 507.88846pt>
File: imagenes/diagrama_tareas.pdf Graphic file (type pdf)

<use imagenes/diagrama_tareas.pdf>
Package pdftex.def Info: imagenes/diagrama_tareas.pdf used on input line 33.
(pdftex.def)             Requested size: 330.05322pt x 230.67113pt.
 [25 <C:/Users/Trigork/haspie-haspist/docs/log_def/imagenes/diagrama_tareas.pdf
>] [26] [27] [28] [29] [30]
<imagenes/arquitectura_inicial.pdf, id=235, 845.0471pt x 245.91875pt>
File: imagenes/arquitectura_inicial.pdf Graphic file (type pdf)

<use imagenes/arquitectura_inicial.pdf>
Package pdftex.def Info: imagenes/arquitectura_inicial.pdf used on input line 1
37.
(pdftex.def)             Requested size: 330.05322pt x 96.0505pt.
 [31 <C:/Users/Trigork/haspie-haspist/docs/log_def/imagenes/arquitectura_inicia
l.pdf>] [32]
Overfull \hbox (9.09949pt too wide) in paragraph at lines 156--157
[]\twelverm La formu-la em-plea-da pa-ra de-ri-var los gra-dos de la es-ca-la 
es $[(\OML/cmm/m/it/12 valor \OMS/cmsy/m/n/12   \OML/cmm/m/it/12 base\twelverm 
)\OML/cmm/m/it/12 mod\twelverm 12]$

\hbox(9.0+3.0)x412.56497, glue set - 1.0 []

[33]
Underfull \hbox (badness 10000) in paragraph at lines 162--163


\hbox(0.0+0.0)x412.56497 []

[34] [35] [36] [37] [38] [39] [40] [41] [42]
Overfull \hbox (24.60587pt too wide) in paragraph at lines 259--260
\twelverm pre-di-ca-dos que ma-ti-zan los di-fe-ren-tes erro-res de la par-ti-t
u-ra \OT1/cmtt/m/n/12 error[]in[]strong(V,G,B)\twelverm ,

\hbox(8.33331+2.66666)x412.56497, glue set - 1.0 []

[43] [44] [45] [46] [47] [48] [49] [50] [51] [52] [53] [54]
<imagenes/arquitectura_final.pdf, id=346, 1096.095pt x 245.91875pt>
File: imagenes/arquitectura_final.pdf Graphic file (type pdf)

<use imagenes/arquitectura_final.pdf>
Package pdftex.def Info: imagenes/arquitectura_final.pdf used on input line 397
.
(pdftex.def)             Requested size: 330.05322pt x 74.05011pt.
 [55 <C:/Users/Trigork/haspie-haspist/docs/log_def/imagenes/arquitectura_final.
pdf>]) [56]
(C:\Users\Trigork\haspie-haspist\docs\log_def\evaluation.tex
Cap\'{\i }tulo 4.
) [57



] (C:\Users\Trigork\haspie-haspist\docs\log_def\conclusions.tex [58



]
Cap\'{\i }tulo 5.
[59] [60] [61]) [62] (C:\Users\Trigork\haspie-haspist\docs\log_def\appendix.tex
Ap\'{e}ndice A.
<imagenes/third_iter.pdf, id=406, 491.8375pt x 491.8375pt>
File: imagenes/third_iter.pdf Graphic file (type pdf)

<use imagenes/third_iter.pdf>
Package pdftex.def Info: imagenes/third_iter.pdf used on input line 7.
(pdftex.def)             Requested size: 330.05322pt x 330.06224pt.
 [63



]
<imagenes/fourth_iter.pdf, id=410, 712.6625pt x 521.95pt>
File: imagenes/fourth_iter.pdf Graphic file (type pdf)

<use imagenes/fourth_iter.pdf>
Package pdftex.def Info: imagenes/fourth_iter.pdf used on input line 14.
(pdftex.def)             Requested size: 330.05322pt x 241.72462pt.

<imagenes/fifth_iter.pdf, id=411, 853.1875pt x 531.9875pt>
File: imagenes/fifth_iter.pdf Graphic file (type pdf)

<use imagenes/fifth_iter.pdf>
Package pdftex.def Info: imagenes/fifth_iter.pdf used on input line 20.
(pdftex.def)             Requested size: 330.05322pt x 205.8021pt.

<imagenes/sixth_seventh_eighth_iters.pdf, id=412, 973.6375pt x 803.0pt>
File: imagenes/sixth_seventh_eighth_iters.pdf Graphic file (type pdf)

<use imagenes/sixth_seventh_eighth_iters.pdf>
Package pdftex.def Info: imagenes/sixth_seventh_eighth_iters.pdf used on input 
line 26.
(pdftex.def)             Requested size: 330.05322pt x 272.2077pt.

<imagenes/chord_diagram.pdf, id=413, 501.875pt x 531.9875pt>
File: imagenes/chord_diagram.pdf Graphic file (type pdf)

<use imagenes/chord_diagram.pdf>
Package pdftex.def Info: imagenes/chord_diagram.pdf used on input line 32.
(pdftex.def)             Requested size: 330.05322pt x 349.87086pt.
 [64 <C:/Users/Trigork/haspie-haspist/docs/log_def/imagenes/third_iter.pdf>] [6
5 <C:/Users/Trigork/haspie-haspist/docs/log_def/imagenes/fourth_iter.pdf> <C:/U
sers/Trigork/haspie-haspist/docs/log_def/imagenes/fifth_iter.pdf>] [66 <C:/User
s/Trigork/haspie-haspist/docs/log_def/imagenes/sixth_seventh_eighth_iters.pdf>]
 [67 <C:/Users/Trigork/haspie-haspist/docs/log_def/imagenes/chord_diagram.pdf>]
 [68

]
Ap\'{e}ndice B.

Overfull \hbox (19.66478pt too wide) in alignment at lines 42--63
 [] [] [] [] 

\hbox(0.0+0.0)x412.56497 []


Underfull \vbox (badness 10000) detected at line 63

\vbox(12.59605+0.0)x412.56497 []


Overfull \hbox (19.66478pt too wide) in alignment at lines 63--69
 [] [] [] [] 

\hbox(0.0+0.0)x412.56497 []

[69] [70]
Ap\'{e}ndice C.
<imagenes/scores/Greensleeves.pdf, id=457, 597.23125pt x 845.1575pt>
File: imagenes/scores/Greensleeves.pdf Graphic file (type pdf)

<use imagenes/scores/Greensleeves.pdf>
Package pdftex.def Info: imagenes/scores/Greensleeves.pdf used on input line 77
.
(pdftex.def)             Requested size: 330.05322pt x 467.06908pt.

<imagenes/scores/menuet_bach.pdf, id=458, 597.23125pt x 845.1575pt>
File: imagenes/scores/menuet_bach.pdf Graphic file (type pdf)

<use imagenes/scores/menuet_bach.pdf>
Package pdftex.def Info: imagenes/scores/menuet_bach.pdf used on input line 84.

(pdftex.def)             Requested size: 330.05322pt x 467.06908pt.

<imagenes/scores/Joy_to_the_world.pdf, id=459, 597.23125pt x 845.1575pt>
File: imagenes/scores/Joy_to_the_world.pdf Graphic file (type pdf)

<use imagenes/scores/Joy_to_the_world.pdf>
Package pdftex.def Info: imagenes/scores/Joy_to_the_world.pdf used on input lin
e 91.
(pdftex.def)             Requested size: 330.05322pt x 467.06908pt.

<imagenes/scores/silent_night.pdf, id=460, 597.23125pt x 845.1575pt>
File: imagenes/scores/silent_night.pdf Graphic file (type pdf)

<use imagenes/scores/silent_night.pdf>
Package pdftex.def Info: imagenes/scores/silent_night.pdf used on input line 98
.
(pdftex.def)             Requested size: 330.05322pt x 467.06908pt.

<imagenes/scores/simple_chords.pdf, id=461, 597.23125pt x 845.1575pt>
File: imagenes/scores/simple_chords.pdf Graphic file (type pdf)

<use imagenes/scores/simple_chords.pdf>
Package pdftex.def Info: imagenes/scores/simple_chords.pdf used on input line 1
05.
(pdftex.def)             Requested size: 330.05322pt x 467.06908pt.

<imagenes/scores/freetimerests.pdf, id=462, 597.23125pt x 845.1575pt>
File: imagenes/scores/freetimerests.pdf Graphic file (type pdf)

<use imagenes/scores/freetimerests.pdf>
Package pdftex.def Info: imagenes/scores/freetimerests.pdf used on input line 1
12.
(pdftex.def)             Requested size: 330.05322pt x 467.06908pt.
 [71

] [72 <C:/Users/Trigork/haspie-haspist/docs/log_def/imagenes/scores/Greensleeve
s.pdf>] [73 <C:/Users/Trigork/haspie-haspist/docs/log_def/imagenes/scores/menue
t_bach.pdf>] [74 <C:/Users/Trigork/haspie-haspist/docs/log_def/imagenes/scores/
Joy_to_the_world.pdf>] [75 <C:/Users/Trigork/haspie-haspist/docs/log_def/imagen
es/scores/silent_night.pdf>]
[76 <C:/Users/Trigork/haspie-haspist/docs/log_def/imagenes/scores/simple_chords
.pdf>] [77 <C:/Users/Trigork/haspie-haspist/docs/log_def/imagenes/scores/freeti
merests.pdf>] [78

]
Ap\'{e}ndice D.
[79] [80]
Ap\'{e}ndice E.

Overfull \hbox (50.56026pt too wide) in paragraph at lines 173--173
[]\OT1/cmtt/m/n/12 usage: usage.py [-h] [-n N] [-s S] [-v V [V ...]] [-S] [-f x
ml|pdf|midi|ly][] 

\hbox(8.33331+2.66666)x412.56497 []


Overfull \hbox (56.73526pt too wide) in paragraph at lines 173--173
[]                \OT1/cmtt/m/n/12 [-o output/dir/for/file] [-t T] [-k A~G+-?] 
[-m major|minor][] 

\hbox(8.33331+2.66666)x412.56497 []


Overfull \hbox (1.16023pt too wide) in paragraph at lines 173--173
[]                \OT1/cmtt/m/n/12 [-M] [-6] [-O O] [-c config_file_name.lp] XM
L_SCORE[] 

\hbox(8.33331+2.66666)x412.56497 []


Overfull \hbox (62.91026pt too wide) in paragraph at lines 173--173
[]    \OT1/cmtt/m/n/12 -n N, --num_sols N    max number of ASP solutions, by de
fault all of them[] 

\hbox(7.33333+2.66666)x412.56497 []


Overfull \hbox (62.91026pt too wide) in paragraph at lines 173--173
[]    \OT1/cmtt/m/n/12 -s S, --span S        horizontal span to consider while 
harmonizing, this[] 

\hbox(7.33333+2.66666)x412.56497 []


Overfull \hbox (7.33524pt too wide) in paragraph at lines 173--173
[]                          \OT1/cmtt/m/n/12 takes in account subdivision, by d
efault 1[] 

\hbox(7.33333+2.66666)x412.56497 []


Overfull \hbox (62.91026pt too wide) in paragraph at lines 173--173
[]                          \OT1/cmtt/m/n/12 extra instruments, these can be in
put by name or by[] 

\hbox(7.33333+2.66666)x412.56497 []


Overfull \hbox (69.08527pt too wide) in paragraph at lines 173--173
[]                          \OT1/cmtt/m/n/12 numerical note range (i.e soprano,
guitar,(65,90)...)[] 

\hbox(8.33331+2.66666)x412.56497 []


Overfull \hbox (44.38525pt too wide) in paragraph at lines 173--173
[]                          \OT1/cmtt/m/n/12 to leave one of the sides (or both
) of the range[] 

\hbox(8.33331+2.66666)x412.56497 []


Overfull \hbox (75.26027pt too wide) in paragraph at lines 173--173
[]    \OT1/cmtt/m/n/12 -S, --show            show result in editor instead of w
riting it to a file[] 

\hbox(7.33333+2.66666)x412.56497 []


Overfull \hbox (38.21025pt too wide) in paragraph at lines 173--173
[]    \OT1/cmtt/m/n/12 -t T, --timeout T     maximum time (in seconds) allowed 
to search for[] 

\hbox(8.33331+1.66667)x412.56497 []


Overfull \hbox (62.91026pt too wide) in paragraph at lines 173--173
[]                          \OT1/cmtt/m/n/12 key in which the score should be h
armonized, if not[] 

\hbox(7.33333+2.66666)x412.56497 []


Overfull \hbox (44.38525pt too wide) in paragraph at lines 173--173
[]                          \OT1/cmtt/m/n/12 mode of the scale, if not specifie
d, parser will[] 

\hbox(7.33333+2.66666)x412.56497 []


Overfull \hbox (32.03525pt too wide) in paragraph at lines 173--173
[]    \OT1/cmtt/m/n/12 -M, --melodious       turns on melodic preferences in AS
P for a more[] 

\hbox(7.33333+2.66666)x412.56497 []


Overfull \hbox (32.03525pt too wide) in paragraph at lines 173--173
[]    \OT1/cmtt/m/n/12 -6, --sixthslink      turns on sixth-four chord linking 
in ASP for a[] 

\hbox(7.33333+2.66666)x412.56497 []


Overfull \hbox (62.91026pt too wide) in paragraph at lines 173--173
[]                          \OT1/cmtt/m/n/12 max number of optimum solutions to
 display in score[] 

\hbox(7.33333+2.66666)x412.56497 []


Overfull \hbox (81.43527pt too wide) in paragraph at lines 173--173
[]                          \OT1/cmtt/m/n/12 reads preference order and weights
 for parameters from[] 

\hbox(7.33333+2.66666)x412.56497 []


Overfull \hbox (19.68524pt too wide) in paragraph at lines 173--173
[]                          \OT1/cmtt/m/n/12 the desired *.lp file stored in /p
ref folder[] 

\hbox(8.33331+2.66666)x412.56497 []

[81

] [82] [83] [84]
<imagenes/select_silence.jpg, id=597, 702.625pt x 228.855pt>
File: imagenes/select_silence.jpg Graphic file (type jpg)

<use imagenes/select_silence.jpg>
Package pdftex.def Info: imagenes/select_silence.jpg used on input line 219.
(pdftex.def)             Requested size: 330.05322pt x 107.50598pt.

<imagenes/invisible_silence.jpg, id=598, 702.625pt x 228.855pt>
File: imagenes/invisible_silence.jpg Graphic file (type jpg)

<use imagenes/invisible_silence.jpg>
Package pdftex.def Info: imagenes/invisible_silence.jpg used on input line 221.

(pdftex.def)             Requested size: 330.05322pt x 107.50598pt.


LaTeX Warning: `h' float specifier changed to `ht'.

[85] [86 <C:/Users/Trigork/haspie-haspist/docs/log_def/imagenes/select_silence.
jpg> <C:/Users/Trigork/haspie-haspist/docs/log_def/imagenes/invisible_silence.j
pg>]) (C:\Users\Trigork\haspie-haspist\docs\log_def\root.bbl
** WARNING: IEEEtran.bst: No hyphenation pattern has been
** loaded for the language `English'. Using the pattern for
** the default language instead.
** WARNING: IEEEtran.bst: No hyphenation pattern has been
** loaded for the language `English'. Using the pattern for
** the default language instead.
** WARNING: IEEEtran.bst: No hyphenation pattern has been
** loaded for the language `English'. Using the pattern for
** the default language instead.
** WARNING: IEEEtran.bst: No hyphenation pattern has been
** loaded for the language `English'. Using the pattern for
** the default language instead.
** WARNING: IEEEtran.bst: No hyphenation pattern has been
** loaded for the language `English'. Using the pattern for
** the default language instead.
** WARNING: IEEEtran.bst: No hyphenation pattern has been
** loaded for the language `English'. Using the pattern for
** the default language instead.
[87


])
Package minitoc Info: I0009
(minitoc)             Listing minitoc auxiliary files. 
(minitoc)             Creating the root.maf file.


Package minitoc(hints) Warning: W0024
(minitoc(hints))                Some hints have been written 
(minitoc(hints))                in the root.log file.

[88] (C:\Users\Trigork\haspie-haspist\docs\log_def\root.aux
(C:\Users\Trigork\haspie-haspist\docs\log_def\cover.aux)
(C:\Users\Trigork\haspie-haspist\docs\log_def\draft.aux)
(C:\Users\Trigork\haspie-haspist\docs\log_def\director-agreement.aux)
(C:\Users\Trigork\haspie-haspist\docs\log_def\dedication.aux)
(C:\Users\Trigork\haspie-haspist\docs\log_def\gratefulnesses.aux)
(C:\Users\Trigork\haspie-haspist\docs\log_def\abstract.aux)
(C:\Users\Trigork\haspie-haspist\docs\log_def\keywords.aux)
(C:\Users\Trigork\haspie-haspist\docs\log_def\introduction.aux)
(C:\Users\Trigork\haspie-haspist\docs\log_def\contextualization.aux)
(C:\Users\Trigork\haspie-haspist\docs\log_def\implementation.aux)
(C:\Users\Trigork\haspie-haspist\docs\log_def\evaluation.aux)
(C:\Users\Trigork\haspie-haspist\docs\log_def\conclusions.aux)
(C:\Users\Trigork\haspie-haspist\docs\log_def\appendix.aux)) ) 
Here is how much of TeX's memory you used:
 8184 strings out of 493921
 102648 string characters out of 3144871
 208106 words of memory out of 3000000
 10924 multiletter control sequences out of 15000+200000
 47379 words of font info for 167 fonts, out of 3000000 for 9000
 841 hyphenation exceptions out of 8191
 36i,12n,45p,2257b,620s stack positions out of 5000i,500n,10000p,200000b,50000s
{C:/Program Files
 (x86)/MiKTeX 2.9/fonts/enc/dvips/fontname/8r.enc}<C:/Program Files (x86)/MiKTe
X 2.9/fonts/type1/public/amsfonts/cm/cmbx10.pfb><C:/Program Files (x86)/MiKTeX 
2.9/fonts/type1/public/amsfonts/cm/cmbx12.pfb><C:/Program Files (x86)/MiKTeX 2.
9/fonts/type1/public/amsfonts/cm/cmbxsl10.pfb><C:/Program Files (x86)/MiKTeX 2.
9/fonts/type1/public/amsfonts/cm/cmbxti10.pfb><C:/Program Files (x86)/MiKTeX 2.
9/fonts/type1/public/amsfonts/cm/cmcsc10.pfb><C:/Program Files (x86)/MiKTeX 2.9
/fonts/type1/public/amsfonts/cm/cmmi12.pfb><C:/Program Files (x86)/MiKTeX 2.9/f
onts/type1/public/amsfonts/cm/cmr10.pfb><C:/Program Files (x86)/MiKTeX 2.9/font
s/type1/public/amsfonts/cm/cmr12.pfb><C:/Program Files (x86)/MiKTeX 2.9/fonts/t
ype1/public/amsfonts/cm/cmr8.pfb><C:/Program Files (x86)/MiKTeX 2.9/fonts/type1
/public/amsfonts/cm/cmssbx10.pfb><C:/Program Files (x86)/MiKTeX 2.9/fonts/type1
/public/amsfonts/cm/cmsy10.pfb><C:/Program Files (x86)/MiKTeX 2.9/fonts/type1/p
ublic/amsfonts/cm/cmti10.pfb><C:/Program Files (x86)/MiKTeX 2.9/fonts/type1/pub
lic/amsfonts/cm/cmti12.pfb><C:/Program Files (x86)/MiKTeX 2.9/fonts/type1/publi
c/amsfonts/cm/cmtt12.pfb><C:/Program Files (x86)/MiKTeX 2.9/fonts/type1/public/
eurosym/feybr10.pfb><C:/Program Files (x86)/MiKTeX 2.9/fonts/type1/public/euros
ym/feymr10.pfb><C:/Program Files (x86)/MiKTeX 2.9/fonts/type1/public/musixtex-f
onts/musix20.pfb><C:/Program Files (x86)/MiKTeX 2.9/fonts/type1/public/musixtex
-fonts/musix24.pfb><C:/Program Files (x86)/MiKTeX 2.9/fonts/type1/public/musixt
ex-fonts/musixspx.pfb><C:/Program Files (x86)/MiKTeX 2.9/fonts/type1/urw/avantg
ar/uagk8a.pfb>
Output written on root.pdf (109 pages, 1869189 bytes).
PDF statistics:
 679 PDF objects out of 1000 (max. 8388607)
 0 named destinations out of 1000 (max. 500000)
 96 words of extra memory for PDF output out of 10000 (max. 10000000)

