This is pdfTeX, Version 3.14159265-2.6-1.40.17 (MiKTeX 2.9) (preloaded format=pdflatex 2016.6.19)  28 MAR 2017 23:17
entering extended mode
**./root.tex
(root.tex
LaTeX2e <2016/03/31>
Babel <3.9r> and hyphenation patterns for 75 language(s) loaded.
("C:\Program Files (x86)\MiKTeX 2.9\tex\latex\base\report.cls"
Document Class: report 2014/09/29 v1.4h Standard LaTeX document class
("C:\Program Files (x86)\MiKTeX 2.9\tex\latex\base\size12.clo"
File: size12.clo 2014/09/29 v1.4h Standard LaTeX file (size option)
)
\c@part=\count79
\c@chapter=\count80
\c@section=\count81
\c@subsection=\count82
\c@subsubsection=\count83
\c@paragraph=\count84
\c@subparagraph=\count85
\c@figure=\count86
\c@table=\count87
\abovecaptionskip=\skip41
\belowcaptionskip=\skip42
\bibindent=\dimen102
)
(estilo_pfc.sty
Package: estilo_pfc 

Estilo LaTeX para Proyectos FIC
("C:\Program Files (x86)\MiKTeX 2.9\tex\latex\base\inputenc.sty"
Package: inputenc 2015/03/17 v1.2c Input encoding file
\inpenc@prehook=\toks14
\inpenc@posthook=\toks15

("C:\Program Files (x86)\MiKTeX 2.9\tex\latex\base\utf8.def"
File: utf8.def 2016/02/28 v1.1s UTF-8 support for inputenc
Now handling font encoding OML ...
... no UTF-8 mapping file for font encoding OML
Now handling font encoding T1 ...
... processing UTF-8 mapping file for font encoding T1

("C:\Program Files (x86)\MiKTeX 2.9\tex\latex\base\t1enc.dfu"
File: t1enc.dfu 2016/02/28 v1.1s UTF-8 support for inputenc
   defining Unicode char U+00A0 (decimal 160)
   defining Unicode char U+00A1 (decimal 161)
   defining Unicode char U+00A3 (decimal 163)
   defining Unicode char U+00AB (decimal 171)
   defining Unicode char U+00AD (decimal 173)
   defining Unicode char U+00BB (decimal 187)
   defining Unicode char U+00BF (decimal 191)
   defining Unicode char U+00C0 (decimal 192)
   defining Unicode char U+00C1 (decimal 193)
   defining Unicode char U+00C2 (decimal 194)
   defining Unicode char U+00C3 (decimal 195)
   defining Unicode char U+00C4 (decimal 196)
   defining Unicode char U+00C5 (decimal 197)
   defining Unicode char U+00C6 (decimal 198)
   defining Unicode char U+00C7 (decimal 199)
   defining Unicode char U+00C8 (decimal 200)
   defining Unicode char U+00C9 (decimal 201)
   defining Unicode char U+00CA (decimal 202)
   defining Unicode char U+00CB (decimal 203)
   defining Unicode char U+00CC (decimal 204)
   defining Unicode char U+00CD (decimal 205)
   defining Unicode char U+00CE (decimal 206)
   defining Unicode char U+00CF (decimal 207)
   defining Unicode char U+00D0 (decimal 208)
   defining Unicode char U+00D1 (decimal 209)
   defining Unicode char U+00D2 (decimal 210)
   defining Unicode char U+00D3 (decimal 211)
   defining Unicode char U+00D4 (decimal 212)
   defining Unicode char U+00D5 (decimal 213)
   defining Unicode char U+00D6 (decimal 214)
   defining Unicode char U+00D8 (decimal 216)
   defining Unicode char U+00D9 (decimal 217)
   defining Unicode char U+00DA (decimal 218)
   defining Unicode char U+00DB (decimal 219)
   defining Unicode char U+00DC (decimal 220)
   defining Unicode char U+00DD (decimal 221)
   defining Unicode char U+00DE (decimal 222)
   defining Unicode char U+00DF (decimal 223)
   defining Unicode char U+00E0 (decimal 224)
   defining Unicode char U+00E1 (decimal 225)
   defining Unicode char U+00E2 (decimal 226)
   defining Unicode char U+00E3 (decimal 227)
   defining Unicode char U+00E4 (decimal 228)
   defining Unicode char U+00E5 (decimal 229)
   defining Unicode char U+00E6 (decimal 230)
   defining Unicode char U+00E7 (decimal 231)
   defining Unicode char U+00E8 (decimal 232)
   defining Unicode char U+00E9 (decimal 233)
   defining Unicode char U+00EA (decimal 234)
   defining Unicode char U+00EB (decimal 235)
   defining Unicode char U+00EC (decimal 236)
   defining Unicode char U+00ED (decimal 237)
   defining Unicode char U+00EE (decimal 238)
   defining Unicode char U+00EF (decimal 239)
   defining Unicode char U+00F0 (decimal 240)
   defining Unicode char U+00F1 (decimal 241)
   defining Unicode char U+00F2 (decimal 242)
   defining Unicode char U+00F3 (decimal 243)
   defining Unicode char U+00F4 (decimal 244)
   defining Unicode char U+00F5 (decimal 245)
   defining Unicode char U+00F6 (decimal 246)
   defining Unicode char U+00F8 (decimal 248)
   defining Unicode char U+00F9 (decimal 249)
   defining Unicode char U+00FA (decimal 250)
   defining Unicode char U+00FB (decimal 251)
   defining Unicode char U+00FC (decimal 252)
   defining Unicode char U+00FD (decimal 253)
   defining Unicode char U+00FE (decimal 254)
   defining Unicode char U+00FF (decimal 255)
   defining Unicode char U+0100 (decimal 256)
   defining Unicode char U+0101 (decimal 257)
   defining Unicode char U+0102 (decimal 258)
   defining Unicode char U+0103 (decimal 259)
   defining Unicode char U+0104 (decimal 260)
   defining Unicode char U+0105 (decimal 261)
   defining Unicode char U+0106 (decimal 262)
   defining Unicode char U+0107 (decimal 263)
   defining Unicode char U+0108 (decimal 264)
   defining Unicode char U+0109 (decimal 265)
   defining Unicode char U+010A (decimal 266)
   defining Unicode char U+010B (decimal 267)
   defining Unicode char U+010C (decimal 268)
   defining Unicode char U+010D (decimal 269)
   defining Unicode char U+010E (decimal 270)
   defining Unicode char U+010F (decimal 271)
   defining Unicode char U+0110 (decimal 272)
   defining Unicode char U+0111 (decimal 273)
   defining Unicode char U+0112 (decimal 274)
   defining Unicode char U+0113 (decimal 275)
   defining Unicode char U+0114 (decimal 276)
   defining Unicode char U+0115 (decimal 277)
   defining Unicode char U+0116 (decimal 278)
   defining Unicode char U+0117 (decimal 279)
   defining Unicode char U+0118 (decimal 280)
   defining Unicode char U+0119 (decimal 281)
   defining Unicode char U+011A (decimal 282)
   defining Unicode char U+011B (decimal 283)
   defining Unicode char U+011C (decimal 284)
   defining Unicode char U+011D (decimal 285)
   defining Unicode char U+011E (decimal 286)
   defining Unicode char U+011F (decimal 287)
   defining Unicode char U+0120 (decimal 288)
   defining Unicode char U+0121 (decimal 289)
   defining Unicode char U+0122 (decimal 290)
   defining Unicode char U+0123 (decimal 291)
   defining Unicode char U+0124 (decimal 292)
   defining Unicode char U+0125 (decimal 293)
   defining Unicode char U+0128 (decimal 296)
   defining Unicode char U+0129 (decimal 297)
   defining Unicode char U+012A (decimal 298)
   defining Unicode char U+012B (decimal 299)
   defining Unicode char U+012C (decimal 300)
   defining Unicode char U+012D (decimal 301)
   defining Unicode char U+012E (decimal 302)
   defining Unicode char U+012F (decimal 303)
   defining Unicode char U+0130 (decimal 304)
   defining Unicode char U+0131 (decimal 305)
   defining Unicode char U+0132 (decimal 306)
   defining Unicode char U+0133 (decimal 307)
   defining Unicode char U+0134 (decimal 308)
   defining Unicode char U+0135 (decimal 309)
   defining Unicode char U+0136 (decimal 310)
   defining Unicode char U+0137 (decimal 311)
   defining Unicode char U+0139 (decimal 313)
   defining Unicode char U+013A (decimal 314)
   defining Unicode char U+013B (decimal 315)
   defining Unicode char U+013C (decimal 316)
   defining Unicode char U+013D (decimal 317)
   defining Unicode char U+013E (decimal 318)
   defining Unicode char U+0141 (decimal 321)
   defining Unicode char U+0142 (decimal 322)
   defining Unicode char U+0143 (decimal 323)
   defining Unicode char U+0144 (decimal 324)
   defining Unicode char U+0145 (decimal 325)
   defining Unicode char U+0146 (decimal 326)
   defining Unicode char U+0147 (decimal 327)
   defining Unicode char U+0148 (decimal 328)
   defining Unicode char U+014A (decimal 330)
   defining Unicode char U+014B (decimal 331)
   defining Unicode char U+014C (decimal 332)
   defining Unicode char U+014D (decimal 333)
   defining Unicode char U+014E (decimal 334)
   defining Unicode char U+014F (decimal 335)
   defining Unicode char U+0150 (decimal 336)
   defining Unicode char U+0151 (decimal 337)
   defining Unicode char U+0152 (decimal 338)
   defining Unicode char U+0153 (decimal 339)
   defining Unicode char U+0154 (decimal 340)
   defining Unicode char U+0155 (decimal 341)
   defining Unicode char U+0156 (decimal 342)
   defining Unicode char U+0157 (decimal 343)
   defining Unicode char U+0158 (decimal 344)
   defining Unicode char U+0159 (decimal 345)
   defining Unicode char U+015A (decimal 346)
   defining Unicode char U+015B (decimal 347)
   defining Unicode char U+015C (decimal 348)
   defining Unicode char U+015D (decimal 349)
   defining Unicode char U+015E (decimal 350)
   defining Unicode char U+015F (decimal 351)
   defining Unicode char U+0160 (decimal 352)
   defining Unicode char U+0161 (decimal 353)
   defining Unicode char U+0162 (decimal 354)
   defining Unicode char U+0163 (decimal 355)
   defining Unicode char U+0164 (decimal 356)
   defining Unicode char U+0165 (decimal 357)
   defining Unicode char U+0168 (decimal 360)
   defining Unicode char U+0169 (decimal 361)
   defining Unicode char U+016A (decimal 362)
   defining Unicode char U+016B (decimal 363)
   defining Unicode char U+016C (decimal 364)
   defining Unicode char U+016D (decimal 365)
   defining Unicode char U+016E (decimal 366)
   defining Unicode char U+016F (decimal 367)
   defining Unicode char U+0170 (decimal 368)
   defining Unicode char U+0171 (decimal 369)
   defining Unicode char U+0172 (decimal 370)
   defining Unicode char U+0173 (decimal 371)
   defining Unicode char U+0174 (decimal 372)
   defining Unicode char U+0175 (decimal 373)
   defining Unicode char U+0176 (decimal 374)
   defining Unicode char U+0177 (decimal 375)
   defining Unicode char U+0178 (decimal 376)
   defining Unicode char U+0179 (decimal 377)
   defining Unicode char U+017A (decimal 378)
   defining Unicode char U+017B (decimal 379)
   defining Unicode char U+017C (decimal 380)
   defining Unicode char U+017D (decimal 381)
   defining Unicode char U+017E (decimal 382)
   defining Unicode char U+01CD (decimal 461)
   defining Unicode char U+01CE (decimal 462)
   defining Unicode char U+01CF (decimal 463)
   defining Unicode char U+01D0 (decimal 464)
   defining Unicode char U+01D1 (decimal 465)
   defining Unicode char U+01D2 (decimal 466)
   defining Unicode char U+01D3 (decimal 467)
   defining Unicode char U+01D4 (decimal 468)
   defining Unicode char U+01E2 (decimal 482)
   defining Unicode char U+01E3 (decimal 483)
   defining Unicode char U+01E6 (decimal 486)
   defining Unicode char U+01E7 (decimal 487)
   defining Unicode char U+01E8 (decimal 488)
   defining Unicode char U+01E9 (decimal 489)
   defining Unicode char U+01EA (decimal 490)
   defining Unicode char U+01EB (decimal 491)
   defining Unicode char U+01F0 (decimal 496)
   defining Unicode char U+01F4 (decimal 500)
   defining Unicode char U+01F5 (decimal 501)
   defining Unicode char U+0218 (decimal 536)
   defining Unicode char U+0219 (decimal 537)
   defining Unicode char U+021A (decimal 538)
   defining Unicode char U+021B (decimal 539)
   defining Unicode char U+1E02 (decimal 7682)
   defining Unicode char U+1E03 (decimal 7683)
   defining Unicode char U+200C (decimal 8204)
   defining Unicode char U+2010 (decimal 8208)
   defining Unicode char U+2011 (decimal 8209)
   defining Unicode char U+2012 (decimal 8210)
   defining Unicode char U+2013 (decimal 8211)
   defining Unicode char U+2014 (decimal 8212)
   defining Unicode char U+2015 (decimal 8213)
   defining Unicode char U+2018 (decimal 8216)
   defining Unicode char U+2019 (decimal 8217)
   defining Unicode char U+201A (decimal 8218)
   defining Unicode char U+201C (decimal 8220)
   defining Unicode char U+201D (decimal 8221)
   defining Unicode char U+201E (decimal 8222)
   defining Unicode char U+2030 (decimal 8240)
   defining Unicode char U+2031 (decimal 8241)
   defining Unicode char U+2039 (decimal 8249)
   defining Unicode char U+203A (decimal 8250)
   defining Unicode char U+2423 (decimal 9251)
)
Now handling font encoding OT1 ...
... processing UTF-8 mapping file for font encoding OT1

("C:\Program Files (x86)\MiKTeX 2.9\tex\latex\base\ot1enc.dfu"
File: ot1enc.dfu 2016/02/28 v1.1s UTF-8 support for inputenc
   defining Unicode char U+00A0 (decimal 160)
   defining Unicode char U+00A1 (decimal 161)
   defining Unicode char U+00A3 (decimal 163)
   defining Unicode char U+00AD (decimal 173)
   defining Unicode char U+00B8 (decimal 184)
   defining Unicode char U+00BF (decimal 191)
   defining Unicode char U+00C5 (decimal 197)
   defining Unicode char U+00C6 (decimal 198)
   defining Unicode char U+00D8 (decimal 216)
   defining Unicode char U+00DF (decimal 223)
   defining Unicode char U+00E6 (decimal 230)
   defining Unicode char U+00EC (decimal 236)
   defining Unicode char U+00ED (decimal 237)
   defining Unicode char U+00EE (decimal 238)
   defining Unicode char U+00EF (decimal 239)
   defining Unicode char U+00F8 (decimal 248)
   defining Unicode char U+0131 (decimal 305)
   defining Unicode char U+0141 (decimal 321)
   defining Unicode char U+0142 (decimal 322)
   defining Unicode char U+0152 (decimal 338)
   defining Unicode char U+0153 (decimal 339)
   defining Unicode char U+0174 (decimal 372)
   defining Unicode char U+0175 (decimal 373)
   defining Unicode char U+0176 (decimal 374)
   defining Unicode char U+0177 (decimal 375)
   defining Unicode char U+0218 (decimal 536)
   defining Unicode char U+0219 (decimal 537)
   defining Unicode char U+021A (decimal 538)
   defining Unicode char U+021B (decimal 539)
   defining Unicode char U+2013 (decimal 8211)
   defining Unicode char U+2014 (decimal 8212)
   defining Unicode char U+2018 (decimal 8216)
   defining Unicode char U+2019 (decimal 8217)
   defining Unicode char U+201C (decimal 8220)
   defining Unicode char U+201D (decimal 8221)
)
Now handling font encoding OMS ...
... processing UTF-8 mapping file for font encoding OMS

("C:\Program Files (x86)\MiKTeX 2.9\tex\latex\base\omsenc.dfu"
File: omsenc.dfu 2016/02/28 v1.1s UTF-8 support for inputenc
   defining Unicode char U+00A7 (decimal 167)
   defining Unicode char U+00B6 (decimal 182)
   defining Unicode char U+00B7 (decimal 183)
   defining Unicode char U+2020 (decimal 8224)
   defining Unicode char U+2021 (decimal 8225)
   defining Unicode char U+2022 (decimal 8226)
)
Now handling font encoding OMX ...
... no UTF-8 mapping file for font encoding OMX
Now handling font encoding U ...
... no UTF-8 mapping file for font encoding U
   defining Unicode char U+00A9 (decimal 169)
   defining Unicode char U+00AA (decimal 170)
   defining Unicode char U+00AE (decimal 174)
   defining Unicode char U+00BA (decimal 186)
   defining Unicode char U+02C6 (decimal 710)
   defining Unicode char U+02DC (decimal 732)
   defining Unicode char U+200C (decimal 8204)
   defining Unicode char U+2026 (decimal 8230)
   defining Unicode char U+2122 (decimal 8482)
   defining Unicode char U+2423 (decimal 9251)
))
("C:\Program Files (x86)\MiKTeX 2.9\tex\generic\babel\babel.sty"
Package: babel 2016/04/23 3.9r The Babel package

*************************************
* Local config file bblopts.cfg used
*
("C:\Program Files (x86)\MiKTeX 2.9\tex\latex\arabi\bblopts.cfg"
File: bblopts.cfg 2005/09/08 v0.1 add Arabic and Farsi to "declared" options of
 babel
)
("C:\Program Files (x86)\MiKTeX 2.9\tex\latex\babel-english\english.ldf"
Language: english 2012/08/20 v3.3p English support from the babel system

("C:\Program Files (x86)\MiKTeX 2.9\tex\generic\babel\babel.def"
File: babel.def 2016/04/23 3.9r Babel common definitions
\babel@savecnt=\count88
\U@D=\dimen103
)
\l@canadian = a dialect from \language\l@american 
\l@australian = a dialect from \language\l@british 
\l@newzealand = a dialect from \language\l@british 
))
("C:\Program Files (x86)\MiKTeX 2.9\tex\latex\tools\indentfirst.sty"
Package: indentfirst 1995/11/23 v1.03 Indent first paragraph (DPC)
)
("C:\Program Files (x86)\MiKTeX 2.9\tex\latex\base\latexsym.sty"
Package: latexsym 1998/08/17 v2.2e Standard LaTeX package (lasy symbols)
\symlasy=\mathgroup4
LaTeX Font Info:    Overwriting symbol font `lasy' in version `bold'
(Font)                  U/lasy/m/n --> U/lasy/b/n on input line 52.
)
("C:\Program Files (x86)\MiKTeX 2.9\tex\latex\amsmath\amsmath.sty"
Package: amsmath 2016/03/10 v2.15b AMS math features
\@mathmargin=\skip43

For additional information on amsmath, use the `?' option.
("C:\Program Files (x86)\MiKTeX 2.9\tex\latex\amsmath\amstext.sty"
Package: amstext 2000/06/29 v2.01 AMS text

("C:\Program Files (x86)\MiKTeX 2.9\tex\latex\amsmath\amsgen.sty"
File: amsgen.sty 1999/11/30 v2.0 generic functions
\@emptytoks=\toks16
\ex@=\dimen104
))
("C:\Program Files (x86)\MiKTeX 2.9\tex\latex\amsmath\amsbsy.sty"
Package: amsbsy 1999/11/29 v1.2d Bold Symbols
\pmbraise@=\dimen105
)
("C:\Program Files (x86)\MiKTeX 2.9\tex\latex\amsmath\amsopn.sty"
Package: amsopn 2016/03/08 v2.02 operator names
)
\inf@bad=\count89
LaTeX Info: Redefining \frac on input line 199.
\uproot@=\count90
\leftroot@=\count91
LaTeX Info: Redefining \overline on input line 297.
\classnum@=\count92
\DOTSCASE@=\count93
LaTeX Info: Redefining \ldots on input line 394.
LaTeX Info: Redefining \dots on input line 397.
LaTeX Info: Redefining \cdots on input line 518.
\Mathstrutbox@=\box26
\strutbox@=\box27
\big@size=\dimen106
LaTeX Font Info:    Redeclaring font encoding OML on input line 634.
LaTeX Font Info:    Redeclaring font encoding OMS on input line 635.
\macc@depth=\count94
\c@MaxMatrixCols=\count95
\dotsspace@=\muskip10
\c@parentequation=\count96
\dspbrk@lvl=\count97
\tag@help=\toks17
\row@=\count98
\column@=\count99
\maxfields@=\count100
\andhelp@=\toks18
\eqnshift@=\dimen107
\alignsep@=\dimen108
\tagshift@=\dimen109
\tagwidth@=\dimen110
\totwidth@=\dimen111
\lineht@=\dimen112
\@envbody=\toks19
\multlinegap=\skip44
\multlinetaggap=\skip45
\mathdisplay@stack=\toks20
LaTeX Info: Redefining \[ on input line 2739.
LaTeX Info: Redefining \] on input line 2740.
)
("C:\Program Files (x86)\MiKTeX 2.9\tex\latex\amsfonts\amssymb.sty"
Package: amssymb 2013/01/14 v3.01 AMS font symbols

("C:\Program Files (x86)\MiKTeX 2.9\tex\latex\amsfonts\amsfonts.sty"
Package: amsfonts 2013/01/14 v3.01 Basic AMSFonts support
\symAMSa=\mathgroup5
\symAMSb=\mathgroup6
LaTeX Font Info:    Overwriting math alphabet `\mathfrak' in version `bold'
(Font)                  U/euf/m/n --> U/euf/b/n on input line 106.
))
("C:\Program Files (x86)\MiKTeX 2.9\tex\latex\graphics\graphicx.sty"
Package: graphicx 2014/10/28 v1.0g Enhanced LaTeX Graphics (DPC,SPQR)

("C:\Program Files (x86)\MiKTeX 2.9\tex\latex\graphics\keyval.sty"
Package: keyval 2014/10/28 v1.15 key=value parser (DPC)
\KV@toks@=\toks21
)
("C:\Program Files (x86)\MiKTeX 2.9\tex\latex\graphics\graphics.sty"
Package: graphics 2016/05/09 v1.0r Standard LaTeX Graphics (DPC,SPQR)

("C:\Program Files (x86)\MiKTeX 2.9\tex\latex\graphics\trig.sty"
Package: trig 2016/01/03 v1.10 sin cos tan (DPC)
)
("C:\Program Files (x86)\MiKTeX 2.9\tex\latex\00miktex\graphics.cfg"
File: graphics.cfg 2016/01/02 v1.10 sample graphics configuration
)
Package graphics Info: Driver file: pdftex.def on input line 96.

("C:\Program Files (x86)\MiKTeX 2.9\tex\latex\pdftex-def\pdftex.def"
File: pdftex.def 2011/05/27 v0.06d Graphics/color for pdfTeX

("C:\Program Files (x86)\MiKTeX 2.9\tex\generic\oberdiek\infwarerr.sty"
Package: infwarerr 2016/05/16 v1.4 Providing info/warning/error messages (HO)
)
("C:\Program Files (x86)\MiKTeX 2.9\tex\generic\oberdiek\ltxcmds.sty"
Package: ltxcmds 2016/05/16 v1.23 LaTeX kernel commands for general use (HO)
)
\Gread@gobject=\count101
))
\Gin@req@height=\dimen113
\Gin@req@width=\dimen114
)
("C:\Program Files (x86)\MiKTeX 2.9\tex\latex\tools\hhline.sty"
Package: hhline 2014/10/28 v2.03 Table rule package (DPC)
)
("C:\Program Files (x86)\MiKTeX 2.9\tex\latex\subfigure\subfigure.sty"
Package: subfigure 2002/07/30 v2.1.4 subfigure package
\subfigtopskip=\skip46
\subfigcapskip=\skip47
\subfigcaptopadj=\dimen115
\subfigbottomskip=\skip48
\subfigcapmargin=\dimen116
\subfiglabelskip=\skip49
\c@subfigure=\count102
\c@lofdepth=\count103
\c@subtable=\count104
\c@lotdepth=\count105

****************************************
* Local config file subfigure.cfg used *
****************************************
("C:\Program Files (x86)\MiKTeX 2.9\tex\latex\subfigure\subfigure.cfg")
\subfig@top=\skip50
\subfig@bottom=\skip51
)
("C:\Program Files (x86)\MiKTeX 2.9\tex\latex\tools\longtable.sty"
Package: longtable 2014/10/28 v4.11 Multi-page Table package (DPC)
\LTleft=\skip52
\LTright=\skip53
\LTpre=\skip54
\LTpost=\skip55
\LTchunksize=\count106
\LTcapwidth=\dimen117
\LT@head=\box28
\LT@firsthead=\box29
\LT@foot=\box30
\LT@lastfoot=\box31
\LT@cols=\count107
\LT@rows=\count108
\c@LT@tables=\count109
\c@LT@chunks=\count110
\LT@p@ftn=\toks22
)
("C:\Program Files (x86)\MiKTeX 2.9\tex\latex\minitoc\minitoc.sty"
Package: minitoc 2015/07/13 v61 Package minitoc

("C:\Program Files (x86)\MiKTeX 2.9\tex\latex\minitoc\mtcmess.sty"
Package: mtcmess 2006/03/14
)
Package minitoc Info: I0001
(minitoc)             *** minitoc package, version 61 ***.
\tf@mtc=\write3
\mtcindent=\skip56
\mtcskipamount=\skip57
Package minitoc Info: I0005
(minitoc)             compatible with hyperref.
Package minitoc Info: I0023
(minitoc)             part level macros available.
Package minitoc Info: I0003
(minitoc)             chapter level macros available.
\mtc@toks=\toks23
\mtc@strutbox=\box32
\mtc@hstrutbox=\box33
Package minitoc Info: I0002
(minitoc)             Autoconfiguration of extensions.
\openout3 = `root.mtc0'.

\openout3 = `root.mtc'.

 (root.mtc0)
Package minitoc Info: I0012
(minitoc)             Long extensions (Unix-like) will be used.
Package minitoc Info: I0031
(minitoc)             ==> this version is configured for UNIX-like 
(minitoc)                 (long extensions) file names.
\openout3 = `root.mtc'.

\openout3 = `root.mtc0'.

\c@mtc=\count111
\c@minitocdepth=\count112
\c@ptc=\count113
\c@parttocdepth=\count114
\ptcindent=\skip58
Package minitoc Info: I0010
(minitoc)             The english language is selected.
(minitoc)              on input line 4909.
("C:\Program Files (x86)\MiKTeX 2.9\tex\latex\minitoc\english.mld"
File: english.mld 2006/01/13
)
("C:\Program Files (x86)\MiKTeX 2.9\tex\latex\minitoc\english.mld"
File: english.mld 2006/01/13
))
("C:\Program Files (x86)\MiKTeX 2.9\tex\latex\titlesec\titlesec.sty"
Package: titlesec 2016/03/21 v2.10.2 Sectioning titles
\ttl@box=\box34
\beforetitleunit=\skip59
\aftertitleunit=\skip60
\ttl@plus=\dimen118
\ttl@minus=\dimen119
\ttl@toksa=\toks24
\titlewidth=\dimen120
\titlewidthlast=\dimen121
\titlewidthfirst=\dimen122
)
("C:\Program Files (x86)\MiKTeX 2.9\tex\latex\fancyhdr\fancyhdr.sty"
\fancy@headwidth=\skip61
\f@ncyO@elh=\skip62
\f@ncyO@erh=\skip63
\f@ncyO@olh=\skip64
\f@ncyO@orh=\skip65
\f@ncyO@elf=\skip66
\f@ncyO@erf=\skip67
\f@ncyO@olf=\skip68
\f@ncyO@orf=\skip69
)
("C:\Program Files (x86)\MiKTeX 2.9\tex\latex\cite\cite.sty"
LaTeX Info: Redefining \cite on input line 302.
LaTeX Info: Redefining \nocite on input line 332.
Package: cite 2015/02/27  v 5.5
)
("C:\Program Files (x86)\MiKTeX 2.9\tex\latex\graphics\lscape.sty"
Package: lscape 2000/10/22 v3.01 Landscape Pages (DPC)
)
("C:\Program Files (x86)\MiKTeX 2.9\tex\latex\tocbibind\tocbibind.sty"
Package: tocbibind 2010/10/13 v1.5k extra ToC listings
Package tocbibind Info: The document has chapter divisions on input line 50.


Package tocbibind Note: Using chapter style headings, unless overridden.

) ("C:\Program Files (x86)\MiKTeX 2.9\tex\latex\setspace\setspace.sty"
Package: setspace 2011/12/19 v6.7a set line spacing
)
("C:\Program Files (x86)\MiKTeX 2.9\tex\latex\lettrine\lettrine.sty"
File: lettrine.sty 2015/08/31 v1.9 (Daniel Flipo)
\c@DefaultLines=\count115
\c@DefaultDepth=\count116
\DefaultFindent=\dimen123
\DefaultNindent=\dimen124
\DefaultSlope=\dimen125
\DiscardVskip=\dimen126
\L@lbox=\box35
\L@tbox=\box36
\c@L@lines=\count117
\c@L@depth=\count118
\L@Pindent=\dimen127
\L@Findent=\dimen128
\L@Nindent=\dimen129
\L@lraise=\dimen130
\L@first=\dimen131
\L@next=\dimen132
\L@slope=\dimen133
\L@height=\dimen134
\L@novskip=\dimen135
\LettrineWidth=\dimen136
\LettrineHeight=\dimen137
\LettrineDepth=\dimen138

Loading lettrine.cfg
("C:\Program Files (x86)\MiKTeX 2.9\tex\latex\lettrine\lettrine.cfg"))
("C:\Program Files (x86)\MiKTeX 2.9\tex\latex\eurosym\eurosym.sty"
Package: eurosym 1998/08/06 v1.1 European currency symbol ``Euro''
\@eurobox=\box37
)
("C:\Program Files (x86)\MiKTeX 2.9\tex\latex\geometry\geometry.sty"
Package: geometry 2010/09/12 v5.6 Page Geometry

("C:\Program Files (x86)\MiKTeX 2.9\tex\generic\oberdiek\ifpdf.sty"
Package: ifpdf 2016/05/14 v3.1 Provides the ifpdf switch
)
("C:\Program Files (x86)\MiKTeX 2.9\tex\generic\oberdiek\ifvtex.sty"
Package: ifvtex 2016/05/16 v1.6 Detect VTeX and its facilities (HO)
Package ifvtex Info: VTeX not detected.
)
("C:\Program Files (x86)\MiKTeX 2.9\tex\generic\ifxetex\ifxetex.sty"
Package: ifxetex 2010/09/12 v0.6 Provides ifxetex conditional
)
\Gm@cnth=\count119
\Gm@cntv=\count120
\c@Gm@tempcnt=\count121
\Gm@bindingoffset=\dimen139
\Gm@wd@mp=\dimen140
\Gm@odd@mp=\dimen141
\Gm@even@mp=\dimen142
\Gm@layoutwidth=\dimen143
\Gm@layoutheight=\dimen144
\Gm@layouthoffset=\dimen145
\Gm@layoutvoffset=\dimen146
\Gm@dimlist=\toks25

("C:\Program Files (x86)\MiKTeX 2.9\tex\latex\geometry\geometry.cfg")))
("C:\Program Files (x86)\MiKTeX 2.9\tex\latex\musixtex\musixtex.sty"
("C:\Program Files (x86)\MiKTeX 2.9\tex\generic\musixtex\musixtex.tex"
MusiXTeX(c) 1.23 <2016-06-06>
\n@i=\count122
\n@ii=\count123
\n@iii=\count124
\n@iv=\count125
\n@v=\count126
\n@vi=\count127
\n@vii=\count128
\n@viii=\count129
\toks@box=\box38
\w@rkbox=\box39
\n@otebox=\box40
\y@=\dimen147
\y@i=\dimen148
\y@ii=\dimen149
\y@iii=\dimen150
\y@iv=\dimen151
\y@v=\dimen152
\group@no=\count130
\interinstrument=\dimen153
\N@s=\count131
\s@Y=\dimen154
\lin@pos=\dimen155
\meet@minus@n@iv=\count132
\interbeam=\dimen156
\b@amthick=\dimen157
\Interligne=\dimen158
\Internote=\dimen159
\ch@box=\box41
\musicsize=\count133
\qd@skip=\dimen160
\qn@width=\dimen161
\wn@width=\dimen162
\txt@ff=\skip70
\s@indent=\skip71
\big@spc=\skip72
\lthick=\dimen163
\afterruleskip=\skip73
\staffbotmarg=\dimen164
\stafftopmarg=\dimen165
\line@width=\dimen166
\interportee=\dimen167
\noport@@=\count134
\noinstrum@nt=\count135
\altportee=\dimen168
\systemheight=\dimen169
\altplancher=\dimen170
\instrum@in@group=\skip74
\boxitsep=\skip75
\barsinpi@c@=\count136
\barno=\count137
\startbarno=\count138
\sign@skip=\dimen171
\maxsign@skip=\dimen172
\x@skip=\dimen173
\n@skip=\dimen174
\beforeruleskip=\skip76
\widthtyp@=\count139
\lastbarno=\count140
\cut@v=\skip77
\init@volta@pos=\skip78
\volta@startcor=\skip79
\volta@endcor=\skip80
\writ@volta@box=\box42
\barsinlin@=\count141
\maxbarsinlin@=\count142
\lastbarpos=\skip81
\ut@ref=\count143
\meterskip=\skip82
\t@c=\toks26
\clef@skip=\skip83
\noteskip=\dimen175
\transpose=\count144
\normaltranspose=\count145
\locx@skip=\dimen176
\elemskip=\dimen177
\@l@mskip=\dimen178
\inh@alt=\count146
\st@bot=\dimen179
\st@top=\dimen180
\stem@skip=\dimen181
\s@lope=\dimen182
\y@vi=\dimen183
\lift@rest=\dimen184
\accshift=\skip84
\@icresc=\skip85
\pdl@pos=\dimen185
\bigwedgebox=\box43
\@itrillei=\skip86
\@itrilleii=\skip87
\@itrilleiii=\skip88
\@itrilleiv=\skip89
\@itrillev=\skip90
\@itrillevi=\skip91
\tr@number=\count147
\o@swz=\toks27
\o@number=\count148
\y@vii=\dimen186
\y@viii=\dimen187
\y@ix=\dimen188
\tuptxtb@x=\box44
\notes@open=\count149
\k@ii=\skip92
\i@ni=\dimen189
\b@xi=\dimen190
\b@zi=\dimen191
\c@xi=\dimen192
\c@zi=\skip93
\d@xi=\dimen193
\d@zi=\skip94
\e@xi=\dimen194
\e@zi=\skip95
\b@pi=\count150
\b@ni=\count151
\n@pi=\count152
\a@si=\count153
\o@si=\count154
\a@ci=\toks28
\o@ci=\toks29
\m@ti=\toks30
\k@iii=\skip96
\i@nii=\dimen195
\b@xii=\dimen196
\b@zii=\dimen197
\c@xii=\dimen198
\c@zii=\skip97
\d@xii=\dimen199
\d@zii=\skip98
\e@xii=\dimen256
\e@zii=\skip99
\b@pii=\count155
\b@nii=\count156
\n@pii=\count157
\a@sii=\count158
\o@sii=\count159
\a@cii=\toks31
\o@cii=\toks32
\m@tii=\toks33
\k@iiii=\skip100
\i@niii=\dimen257
\b@xiii=\dimen258
\b@ziii=\dimen259
\c@xiii=\dimen260
\c@ziii=\skip101
\d@xiii=\dimen261
\d@ziii=\skip102
\e@xiii=\dimen262
\e@ziii=\skip103
\b@piii=\count160
\b@niii=\count161
\n@piii=\count162
\a@siii=\count163
\o@siii=\count164
\a@ciii=\toks34
\o@ciii=\toks35
\m@tiii=\toks36
\k@iiv=\skip104
\i@niv=\dimen263
\b@xiv=\dimen264
\b@ziv=\dimen265
\c@xiv=\dimen266
\c@ziv=\skip105
\d@xiv=\dimen267
\d@ziv=\skip106
\e@xiv=\dimen268
\e@ziv=\skip107
\b@piv=\count165
\b@niv=\count166
\n@piv=\count167
\a@siv=\count168
\o@siv=\count169
\a@civ=\toks37
\o@civ=\toks38
\m@tiv=\toks39
\k@iv=\skip108
\i@nv=\dimen269
\b@xv=\dimen270
\b@zv=\dimen271
\c@xv=\dimen272
\c@zv=\skip109
\d@xv=\dimen273
\d@zv=\skip110
\e@xv=\dimen274
\e@zv=\skip111
\b@pv=\count170
\b@nv=\count171
\n@pv=\count172
\a@sv=\count173
\o@sv=\count174
\a@cv=\toks40
\o@cv=\toks41
\m@tv=\toks42
\k@ivi=\skip112
\i@nvi=\dimen275
\b@xvi=\dimen276
\b@zvi=\dimen277
\c@xvi=\dimen278
\c@zvi=\skip113
\d@xvi=\dimen279
\d@zvi=\skip114
\e@xvi=\dimen280
\e@zvi=\skip115
\b@pvi=\count175
\b@nvi=\count176
\n@pvi=\count177
\a@svi=\count178
\o@svi=\count179
\a@cvi=\toks43
\o@cvi=\toks44
\m@tvi=\toks45
maxinstruments=6
\f@xi=\dimen281
\f@zi=\skip116
\f@xii=\dimen282
\f@zii=\skip117
\f@xiii=\dimen283
\f@ziii=\skip118
\f@xiv=\dimen284
\f@ziv=\skip119
\f@xv=\dimen285
\f@zv=\skip120
\f@xvi=\dimen286
\f@zvi=\skip121
 max128beams=6
\g@bi=\skip122
\g@hi=\skip123
\g@bii=\skip124
\g@hii=\skip125
\g@biii=\skip126
\g@hiii=\skip127
 maxgroups=3
\s@xi=\dimen287
\s@si=\toks46
\s@Yi=\dimen288
\s@ai=\skip128
\s@yi=\count180
\s@Ni=\count181
\s@zi=\count182
\s@di=\toks47
\s@xii=\dimen289
\s@sii=\toks48
\s@Yii=\dimen290
\s@aii=\skip129
\s@yii=\count183
\s@Nii=\count184
\s@zii=\count185
\s@dii=\toks49
\s@xiii=\dimen291
\s@siii=\toks50
\s@Yiii=\dimen292
\s@aiii=\skip130
\s@yiii=\count186
\s@Niii=\count187
\s@ziii=\count188
\s@diii=\toks51
\s@xiv=\dimen293
\s@siv=\toks52
\s@Yiv=\dimen294
\s@aiv=\skip131
\s@yiv=\count189
\s@Niv=\count190
\s@ziv=\count191
\s@div=\toks53
\s@xv=\dimen295
\s@sv=\toks54
\s@Yv=\dimen296
\s@av=\skip132
\s@yv=\count192
\s@Nv=\count193
\s@zv=\count194
\s@dv=\toks55
\s@xvi=\dimen297
\s@svi=\toks56
\s@Yvi=\dimen298
\s@avi=\skip133
\s@yvi=\count195
\s@Nvi=\count196
\s@zvi=\count197
\s@dvi=\toks57
 maxslurs=6
\tr@xi=\skip134
\tr@swi=\toks58
\tr@yi=\skip135
\tr@xii=\skip136
\tr@swii=\toks59
\tr@yii=\skip137
\tr@xiii=\skip138
\tr@swiii=\toks60
\tr@yiii=\skip139
\tr@xiv=\skip140
\tr@swiv=\toks61
\tr@yiv=\skip141
\tr@xv=\skip142
\tr@swv=\toks62
\tr@yv=\skip143
\tr@xvi=\skip144
\tr@swvi=\toks63
\tr@yvi=\skip145
 maxtrills=6
\o@xi=\skip146
\o@yi=\skip147
\o@swi=\toks64
\o@xii=\skip148
\o@yii=\skip149
\o@swii=\toks65
\o@xiii=\skip150
\o@yiii=\skip151
\o@swiii=\toks66
\o@xiv=\skip152
\o@yiv=\skip153
\o@swiv=\toks67
\o@xv=\skip154
\o@yv=\skip155
\o@swv=\toks68
\o@xvi=\skip156
\o@yvi=\skip157
\o@swvi=\toks69

maxoctlines=6
\outmux=\write4
\mulooseness=\count198
\linegoal=\count199
\l@eftrightbox=\box45
\inmux=\read1
)
("C:\Program Files (x86)\MiKTeX 2.9\tex\latex\musixtex\musixltx.tex"
MusiXLaTeX T.61 <25 September 1996>
)) ("C:\Program Files (x86)\MiKTeX 2.9\tex\latex\fancyvrb\fancyvrb.sty"
Package: fancyvrb 2008/02/07

Style option: `fancyvrb' v2.7a, with DG/SPQR fixes, and firstline=lastline fix 
<2008/02/07> (tvz)
\FV@CodeLineNo=\count266
\FV@InFile=\read2
\FV@TabBox=\box46
\c@FancyVerbLine=\count267
\FV@StepNumber=\count268
\FV@OutFile=\write5
)
("C:\Program Files (x86)\MiKTeX 2.9\tex\latex\adjustbox\adjustbox.sty"
Package: adjustbox 2012/05/21 v1.0 Adjusting TeX boxes (trim, clip, ...)

("C:\Program Files (x86)\MiKTeX 2.9\tex\latex\xkeyval\xkeyval.sty"
Package: xkeyval 2014/12/03 v2.7a package option processing (HA)

("C:\Program Files (x86)\MiKTeX 2.9\tex\generic\xkeyval\xkeyval.tex"
("C:\Program Files (x86)\MiKTeX 2.9\tex\generic\xkeyval\xkvutils.tex"
\XKV@toks=\toks70
\XKV@tempa@toks=\toks71
)
\XKV@depth=\count269
File: xkeyval.tex 2014/12/03 v2.7a key=value parser (HA)
))
("C:\Program Files (x86)\MiKTeX 2.9\tex\latex\adjustbox\adjcalc.sty"
Package: adjcalc 2012/05/16 v1.1 Provides advanced setlength with multiple back
-ends (calc, etex, pgfmath)
)
("C:\Program Files (x86)\MiKTeX 2.9\tex\latex\adjustbox\trimclip.sty"
Package: trimclip 2012/05/16 v1.0 Trim and clip general TeX material

("C:\Program Files (x86)\MiKTeX 2.9\tex\latex\collectbox\collectbox.sty"
Package: collectbox 2012/05/17 v0.4b Collect macro arguments as boxes
\collectedbox=\box47
)
\tc@llx=\dimen299
\tc@lly=\dimen300
\tc@urx=\dimen301
\tc@ury=\dimen302
Package trimclip Info: Using driver 'tc-pdftex.def'.

("C:\Program Files (x86)\MiKTeX 2.9\tex\latex\adjustbox\tc-pdftex.def"
File: tc-pdftex.def 2012/05/13 v1.0 Clipping driver for pdftex
))
\adjbox@Width=\dimen303
\adjbox@Height=\dimen304
\adjbox@Depth=\dimen305
\adjbox@Totalheight=\dimen306

("C:\Program Files (x86)\MiKTeX 2.9\tex\latex\ifoddpage\ifoddpage.sty"
Package: ifoddpage 2016/04/23 v1.1 Conditionals for odd/even page detection
\c@checkoddpage=\count270
)
("C:\Program Files (x86)\MiKTeX 2.9\tex\latex\ltxmisc\varwidth.sty"
Package: varwidth 2009/03/30 ver 0.92;  Variable-width minipages
\@vwid@box=\box48
\sift@deathcycles=\count271
\@vwid@loff=\dimen307
\@vwid@roff=\dimen308
))
("C:\Program Files (x86)\MiKTeX 2.9\tex\latex\ltxmisc\relsize.sty"
Package: relsize 2003/07/04 ver 3.1
) (root.aux
(cover.aux) (abstract.aux) (keywords.aux) (introduction.aux)
(contextualization.aux) (implementation.aux) (evaluation.aux) (conclusions.aux)
(appendix.aux))
\openout1 = `root.aux'.

LaTeX Font Info:    Checking defaults for OML/cmm/m/it on input line 24.
LaTeX Font Info:    ... okay on input line 24.
LaTeX Font Info:    Checking defaults for T1/cmr/m/n on input line 24.
LaTeX Font Info:    ... okay on input line 24.
LaTeX Font Info:    Checking defaults for OT1/cmr/m/n on input line 24.
LaTeX Font Info:    ... okay on input line 24.
LaTeX Font Info:    Checking defaults for OMS/cmsy/m/n on input line 24.
LaTeX Font Info:    ... okay on input line 24.
LaTeX Font Info:    Checking defaults for OMX/cmex/m/n on input line 24.
LaTeX Font Info:    ... okay on input line 24.
LaTeX Font Info:    Checking defaults for U/cmr/m/n on input line 24.
LaTeX Font Info:    ... okay on input line 24.

("C:\Program Files (x86)\MiKTeX 2.9\tex\context\base\supp-pdf.mkii"
[Loading MPS to PDF converter (version 2006.09.02).]
\scratchcounter=\count272
\scratchdimen=\dimen309
\scratchbox=\box49
\nofMPsegments=\count273
\nofMParguments=\count274
\everyMPshowfont=\toks72
\MPscratchCnt=\count275
\MPscratchDim=\dimen310
\MPnumerator=\count276
\makeMPintoPDFobject=\count277
\everyMPtoPDFconversion=\toks73
) ("C:\Program Files (x86)\MiKTeX 2.9\tex\generic\oberdiek\pdftexcmds.sty"
Package: pdftexcmds 2016/05/21 v0.22 Utility functions of pdfTeX for LuaTeX (HO
)

("C:\Program Files (x86)\MiKTeX 2.9\tex\generic\oberdiek\ifluatex.sty"
Package: ifluatex 2016/05/16 v1.4 Provides the ifluatex switch (HO)
Package ifluatex Info: LuaTeX not detected.
)
Package pdftexcmds Info: LuaTeX not detected.
Package pdftexcmds Info: \pdf@primitive is available.
Package pdftexcmds Info: \pdf@ifprimitive is available.
Package pdftexcmds Info: \pdfdraftmode found.
)
("C:\Program Files (x86)\MiKTeX 2.9\tex\latex\oberdiek\epstopdf-base.sty"
Package: epstopdf-base 2016/05/15 v2.6 Base part for package epstopdf

("C:\Program Files (x86)\MiKTeX 2.9\tex\latex\oberdiek\grfext.sty"
Package: grfext 2016/05/16 v1.2 Manage graphics extensions (HO)

("C:\Program Files (x86)\MiKTeX 2.9\tex\generic\oberdiek\kvdefinekeys.sty"
Package: kvdefinekeys 2016/05/16 v1.4 Define keys (HO)
))
("C:\Program Files (x86)\MiKTeX 2.9\tex\latex\oberdiek\kvoptions.sty"
Package: kvoptions 2016/05/16 v3.12 Key value format for package options (HO)

("C:\Program Files (x86)\MiKTeX 2.9\tex\generic\oberdiek\kvsetkeys.sty"
Package: kvsetkeys 2016/05/16 v1.17 Key value parser (HO)

("C:\Program Files (x86)\MiKTeX 2.9\tex\generic\oberdiek\etexcmds.sty"
Package: etexcmds 2016/05/16 v1.6 Avoid name clashes with e-TeX commands (HO)
Package etexcmds Info: Could not find \expanded.
(etexcmds)             That can mean that you are not using pdfTeX 1.50 or
(etexcmds)             that some package has redefined \expanded.
(etexcmds)             In the latter case, load this package earlier.
)))
Package grfext Info: Graphics extension search list:
(grfext)             [.png,.pdf,.jpg,.mps,.jpeg,.jbig2,.jb2,.PNG,.PDF,.JPG,.JPE
G,.JBIG2,.JB2,.eps]
(grfext)             \AppendGraphicsExtensions on input line 456.
)
\c@minilofdepth=\count278
\c@minilotdepth=\count279
\c@partlofdepth=\count280
\c@partlotdepth=\count281
\c@sectlofdepth=\count282
\c@sectlotdepth=\count283
Package minitoc(hints) Info: I0049
(minitoc(hints))             ==> You requested the hints option. 
(minitoc(hints))             Some hints are eventually given below.
Package minitoc(hints) Info: I0046
(minitoc(hints))             --- The tocbibind package is loaded. 
(minitoc(hints))             See the minitoc package documentation 
(minitoc(hints))             for specific precautions.


Package minitoc(hints) Warning: W0099
(minitoc(hints))                --- The titlesec package is loaded. 
(minitoc(hints))                It is incompatible 
(minitoc(hints))                with the minitoc package.

*geometry* driver: auto-detecting
*geometry* detected driver: pdftex
*geometry* verbose mode - [ preamble ] result:
* driver: pdftex
* paper: a4paper
* layout: <same size as paper>
* layoutoffset:(h,v)=(0.0pt,0.0pt)
* modes: twoside 
* h-part:(L,W,R)=(113.81102pt, 412.56497pt, 71.13188pt)
* v-part:(T,H,B)=(113.81102pt, 617.4248pt, 113.81102pt)
* \paperwidth=597.50787pt
* \paperheight=845.04684pt
* \textwidth=412.56497pt
* \textheight=617.4248pt
* \oddsidemargin=41.54103pt
* \evensidemargin=-1.1381pt
* \topmargin=4.54103pt
* \headheight=30.0pt
* \headsep=25.0pt
* \topskip=12.0pt
* \footskip=30.0pt
* \marginparwidth=85.0pt
* \marginparsep=10.0pt
* \columnsep=10.0pt
* \skip\footins=10.8pt plus 4.0pt minus 2.0pt
* \hoffset=0.0pt
* \voffset=0.0pt
* \mag=1000
* \@twocolumnfalse
* \@twosidetrue
* \@mparswitchtrue
* \@reversemarginfalse
* (1in=72.27pt=25.4mm, 1cm=28.453pt)

\openout4 = `root.mx1'.

\openout2 = `cover.aux'.

(cover.tex <imagenes/anagramaUDC.png, id=1, 890.965pt x 114.975pt>
File: imagenes/anagramaUDC.png Graphic file (type png)

<use imagenes/anagramaUDC.png>
Package pdftex.def Info: imagenes/anagramaUDC.png used on input line 3.
(pdftex.def)             Requested size: 142.26378pt x 18.35777pt.
LaTeX Font Info:    Try loading font information for U+lasy on input line 10.

("C:\Program Files (x86)\MiKTeX 2.9\tex\latex\base\ulasy.fd"
File: ulasy.fd 1998/08/17 v2.2e LaTeX symbol font definitions
)
LaTeX Font Info:    Try loading font information for U+msa on input line 10.

("C:\Program Files (x86)\MiKTeX 2.9\tex\latex\amsfonts\umsa.fd"
File: umsa.fd 2013/01/14 v3.01 AMS symbols A
)
LaTeX Font Info:    Try loading font information for U+msb on input line 10.

("C:\Program Files (x86)\MiKTeX 2.9\tex\latex\amsfonts\umsb.fd"
File: umsb.fd 2013/01/14 v3.01 AMS symbols B
) [1


{C:/ProgramData/MiKTeX/2.9/pdftex/config/pdftex.map} <./imagenes/anagramaUDC.pn
g>])
\openout2 = `abstract.aux'.


(abstract.tex [1


])
\openout2 = `keywords.aux'.

 (keywords.tex
Underfull \hbox (badness 10000) in paragraph at lines 3--4


\hbox(0.0+0.0)x383.19028 []

) [2


] (root.toc [1


])
\tf@toc=\write6
\openout6 = `root.toc'.

 [2] (root.lof [3

])
\tf@lof=\write7
\openout7 = `root.lof'.

 [4] [5

]
\openout2 = `introduction.aux'.

 (introduction.tex
Chapter 1.
LaTeX Font Info:    Try loading font information for OT1+pag on input line 9.
("C:\Program Files (x86)\MiKTeX 2.9\tex\latex\psnfss\ot1pag.fd"
File: ot1pag.fd 2001/06/04 font definitions for OT1/pag.
)) [1



]
\openout2 = `contextualization.aux'.


(contextualization.tex [2



]
Chapter 2.

Overfull \hbox (2.69322pt too wide) in paragraph at lines 16--17
[]\twelverm Dentro de la musica en com-putacion ex-is-ten varias ra-mas difer
-en-ci-adas, aunque

\hbox(8.33331+2.33331)x412.56497, glue set - 1.0 []


Overfull \hbox (1.83165pt too wide) in paragraph at lines 16--17
\twelverm en el con-texto de un mismo tra-bajo pueden verse mez-cladas mas de 
una. Hablamos

\hbox(8.33331+2.33331)x412.56497, glue set - 1.0 []

[3]
LaTeX Font Info:    Try loading font information for OMS+cmr on input line 29.
 ("C:\Program Files (x86)\MiKTeX 2.9\tex\latex\base\omscmr.fd"
File: omscmr.fd 2014/09/29 v2.5h Standard LaTeX font definitions
)
LaTeX Font Info:    Font shape `OMS/cmr/m/n' in size <12> not available
(Font)              Font shape `OMS/cmsy/m/n' tried instead on input line 29.
 [4] [5]
[6] [7] [8]) [9]
\openout2 = `implementation.aux'.

 (implementation.tex [10



]
Chapter 3.
[11] <imagenes/diagrama_tareas.pdf, id=78, 726.715pt x 507.88846pt>
File: imagenes/diagrama_tareas.pdf Graphic file (type pdf)

<use imagenes/diagrama_tareas.pdf>
Package pdftex.def Info: imagenes/diagrama_tareas.pdf used on input line 29.
(pdftex.def)             Requested size: 330.05322pt x 230.67113pt.
 [12] [13 <./imagenes/diagrama_tareas.pdf>]
<imagenes/arquitectura_final.pdf, id=111, 1096.095pt x 372.28386pt>
File: imagenes/arquitectura_final.pdf Graphic file (type pdf)

<use imagenes/arquitectura_final.pdf>
Package pdftex.def Info: imagenes/arquitectura_final.pdf used on input line 57.

(pdftex.def)             Requested size: 330.05322pt x 112.1007pt.
 [14 <./imagenes/arquitectura_final.pdf>]
[15] <imagenes/example_notes.png, id=153, 890.32625pt x 382.42876pt>
File: imagenes/example_notes.png Graphic file (type png)

<use imagenes/example_notes.png>
Package pdftex.def Info: imagenes/example_notes.png used on input line 78.
(pdftex.def)             Requested size: 165.02347pt x 70.88242pt.

<imagenes/logic_facts_score.png, id=154, 388.45125pt x 238.8925pt>
File: imagenes/logic_facts_score.png Graphic file (type png)

<use imagenes/logic_facts_score.png>
Package pdftex.def Info: imagenes/logic_facts_score.png used on input line 79.
(pdftex.def)             Requested size: 123.77074pt x 76.11543pt.
LaTeX Font Info:    Font shape `OT1/cmtt/bx/n' in size <12> not available
(Font)              Font shape `OT1/cmtt/m/n' tried instead on input line 86.
 [16 <./imagenes/example_notes.png> <./imagenes/logic_facts_score.png>]
<imagenes/harmonized_example.png, id=158, 1009.7725pt x 462.72874pt>
File: imagenes/harmonized_example.png Graphic file (type png)

<use imagenes/harmonized_example.png>
Package pdftex.def Info: imagenes/harmonized_example.png used on input line 117
.
(pdftex.def)             Requested size: 165.02347pt x 75.61969pt.

<imagenes/chord_facts.png, id=159, 250.9375pt x 89.33376pt>
File: imagenes/chord_facts.png Graphic file (type png)

<use imagenes/chord_facts.png>
Package pdftex.def Info: imagenes/chord_facts.png used on input line 118.
(pdftex.def)             Requested size: 82.51173pt x 29.3739pt.


LaTeX Warning: `h' float specifier changed to `ht'.

[17] [18 <./imagenes/harmonized_example.png> <./imagenes/chord_facts.png>]
<imagenes/incomplete_score.png, id=167, 847.165pt x 491.8375pt>
File: imagenes/incomplete_score.png Graphic file (type png)

<use imagenes/incomplete_score.png>
Package pdftex.def Info: imagenes/incomplete_score.png used on input line 167.
(pdftex.def)             Requested size: 144.40025pt x 83.8289pt.

<imagenes/incomplete_facts.png, id=168, 380.42125pt x 241.90375pt>
File: imagenes/incomplete_facts.png Graphic file (type png)

<use imagenes/incomplete_facts.png>
Package pdftex.def Info: imagenes/incomplete_facts.png used on input line 168.
(pdftex.def)             Requested size: 123.77074pt x 78.70268pt.

<imagenes/completed_score.png, id=169, 884.30376pt x 459.7175pt>
File: imagenes/completed_score.png Graphic file (type png)

<use imagenes/completed_score.png>
Package pdftex.def Info: imagenes/completed_score.png used on input line 169.
(pdftex.def)             Requested size: 144.40025pt x 75.06445pt.


LaTeX Warning: `h' float specifier changed to `ht'.

[19] [20 <./imagenes/incomplete_score.png> <./imagenes/incomplete_facts.png> <.
/imagenes/completed_score.png>] [21] [22] [23]
<imagenes/example_final_score.png, id=186, 733.74126pt x 479.7925pt>
File: imagenes/example_final_score.png Graphic file (type png)

<use imagenes/example_final_score.png>
Package pdftex.def Info: imagenes/example_final_score.png used on input line 23
6.
(pdftex.def)             Requested size: 165.02347pt x 107.90472pt.
 [24 <./imagenes/example_final_score.png>] <imagenes/arquitectura_inicial.pdf, 
id=190, 845.0471pt x 245.91875pt>
File: imagenes/arquitectura_inicial.pdf Graphic file (type pdf)

<use imagenes/arquitectura_inicial.pdf>
Package pdftex.def Info: imagenes/arquitectura_inicial.pdf used on input line 2
56.
(pdftex.def)             Requested size: 330.05322pt x 96.0505pt.
 [25 <./imagenes/arquitectura_inicial.pdf>] [26] [27] [28] [29] [30] [31] [32])
 [33]
\openout2 = `evaluation.aux'.

 (evaluation.tex [34



]
Chapter 4.
[35]
<imagenes/evaluation/greensleeves_harm.png, id=259, 757.83125pt x 457.71pt>
File: imagenes/evaluation/greensleeves_harm.png Graphic file (type png)

<use imagenes/evaluation/greensleeves_harm.png>
Package pdftex.def Info: imagenes/evaluation/greensleeves_harm.png used on inpu
t line 25.
(pdftex.def)             Requested size: 330.05322pt x 199.34668pt.

<imagenes/evaluation/greensleeves_measure.png, id=260, 178.6675pt x 169.63374pt
>
File: imagenes/evaluation/greensleeves_measure.png Graphic file (type png)
 <use imagenes/evaluation/greensleeves_measure.png>
Package pdftex.def Info: imagenes/evaluation/greensleeves_measure.png used on i
nput line 32.
(pdftex.def)             Requested size: 82.51173pt x 78.34047pt.

<imagenes/evaluation/greensleeves_measure_melodious.png, id=261, 180.675pt x 16
9.63374pt>
File: imagenes/evaluation/greensleeves_measure_melodious.png Graphic file (type
 png)
 <use imagenes/evaluation/greensleeves_measure_melodious.png>
Package pdftex.def Info: imagenes/evaluation/greensleeves_measure_melodious.png
 used on input line 33.
(pdftex.def)             Requested size: 82.51173pt x 77.46819pt.

<imagenes/evaluation/menuet_extra_bass.png, id=262, 751.80875pt x 258.9675pt>
File: imagenes/evaluation/menuet_extra_bass.png Graphic file (type png)

<use imagenes/evaluation/menuet_extra_bass.png>
Package pdftex.def Info: imagenes/evaluation/menuet_extra_bass.png used on inpu
t line 42.
(pdftex.def)             Requested size: 371.30595pt x 127.9028pt.

<imagenes/evaluation/joy_harm.png, id=263, 740.7675pt x 382.42876pt>
File: imagenes/evaluation/joy_harm.png Graphic file (type png)

<use imagenes/evaluation/joy_harm.png>
Package pdftex.def Info: imagenes/evaluation/joy_harm.png used on input line 49
.
(pdftex.def)             Requested size: 330.05322pt x 170.39325pt.
 [36 <./imagenes/evaluation/greensleeves_harm.png>] [37 <./imagenes/evaluation/
greensleeves_measure.png> <./imagenes/evaluation/greensleeves_measure_melodious
.png> <./imagenes/evaluation/menuet_extra_bass.png> <./imagenes/evaluation/joy_
harm.png>]
<imagenes/evaluation/joy_harm_err.png, id=270, 746.79pt x 180.675pt>
File: imagenes/evaluation/joy_harm_err.png Graphic file (type png)

<use imagenes/evaluation/joy_harm_err.png>
Package pdftex.def Info: imagenes/evaluation/joy_harm_err.png used on input lin
e 75.
(pdftex.def)             Requested size: 371.30595pt x 89.83276pt.
 [38 <./imagenes/evaluation/joy_harm_err.png>]
<imagenes/evaluation/twinkle_harm.png, id=274, 751.80875pt x 262.9825pt>
File: imagenes/evaluation/twinkle_harm.png Graphic file (type png)

<use imagenes/evaluation/twinkle_harm.png>
Package pdftex.def Info: imagenes/evaluation/twinkle_harm.png used on input lin
e 97.
(pdftex.def)             Requested size: 330.05322pt x 115.45583pt.

<imagenes/evaluation/twinkle_measure.png, id=275, 109.40875pt x 154.5775pt>
File: imagenes/evaluation/twinkle_measure.png Graphic file (type png)

<use imagenes/evaluation/twinkle_measure.png>
Package pdftex.def Info: imagenes/evaluation/twinkle_measure.png used on input 
line 104.
(pdftex.def)             Requested size: 82.51173pt x 116.57674pt.

<imagenes/evaluation/twinkle_measure_melodious.png, id=276, 109.40875pt x 164.6
15pt>
File: imagenes/evaluation/twinkle_measure_melodious.png Graphic file (type png)

 <use imagenes/evaluation/twinkle_measure_melodious.png>
Package pdftex.def Info: imagenes/evaluation/twinkle_measure_melodious.png used
 on input line 105.
(pdftex.def)             Requested size: 82.51173pt x 124.14667pt.
 [39 <./imagenes/evaluation/twinkle_harm.png> <./imagenes/evaluation/twinkle_me
asure.png> <./imagenes/evaluation/twinkle_measure_melodious.png>] [40]) [41]
\openout2 = `conclusions.aux'.

 (conclusions.tex
[42



]
Chapter 5.

Overfull \hbox (0.27382pt too wide) in paragraph at lines 11--12
\twelverm de Pro-gra-macion Logica de uso fre-cuente para la Rep-re-sentacio
n del Conocimiento

\hbox(8.33331+2.33331)x412.56497, glue set - 1.0 []

[43] [44] [45] [46]) [47]
\openout2 = `appendix.aux'.

 (appendix.tex [48



]
Appendix A.
<imagenes/third_iter.pdf, id=309, 491.8375pt x 491.8375pt>
File: imagenes/third_iter.pdf Graphic file (type pdf)

<use imagenes/third_iter.pdf>
Package pdftex.def Info: imagenes/third_iter.pdf used on input line 8.
(pdftex.def)             Requested size: 330.05322pt x 330.06224pt.
 [49]
<imagenes/fourth_iter.pdf, id=313, 712.6625pt x 521.95pt>
File: imagenes/fourth_iter.pdf Graphic file (type pdf)

<use imagenes/fourth_iter.pdf>
Package pdftex.def Info: imagenes/fourth_iter.pdf used on input line 15.
(pdftex.def)             Requested size: 330.05322pt x 241.72462pt.

<imagenes/fifth_iter.pdf, id=314, 853.1875pt x 531.9875pt>
File: imagenes/fifth_iter.pdf Graphic file (type pdf)

<use imagenes/fifth_iter.pdf>
Package pdftex.def Info: imagenes/fifth_iter.pdf used on input line 21.
(pdftex.def)             Requested size: 330.05322pt x 205.8021pt.

<imagenes/sixth_seventh_eighth_iters.pdf, id=315, 973.6375pt x 803.0pt>
File: imagenes/sixth_seventh_eighth_iters.pdf Graphic file (type pdf)

<use imagenes/sixth_seventh_eighth_iters.pdf>
Package pdftex.def Info: imagenes/sixth_seventh_eighth_iters.pdf used on input 
line 27.
(pdftex.def)             Requested size: 330.05322pt x 272.2077pt.

<imagenes/chord_diagram.pdf, id=316, 501.875pt x 531.9875pt>
File: imagenes/chord_diagram.pdf Graphic file (type pdf)

<use imagenes/chord_diagram.pdf>
Package pdftex.def Info: imagenes/chord_diagram.pdf used on input line 33.
(pdftex.def)             Requested size: 330.05322pt x 349.87086pt.
 [50 <./imagenes/third_iter.pdf>] [51 <./imagenes/fourth_iter.pdf> <./imagenes/
fifth_iter.pdf>] [52 <./imagenes/sixth_seventh_eighth_iters.pdf>] [53 <./imagen
es/chord_diagram.pdf>] [54

]
Appendix B.

Underfull \hbox (badness 2469) in paragraph at lines 55--55
[]|\twelverm Especifica el valor de al-teracion

\hbox(12.59605+2.33331)x184.9429, glue set 2.91441 []


Underfull \hbox (badness 10000) in paragraph at lines 55--55
\twelverm us-ando numeros pos-i-tivos para

\hbox(8.33331+2.33331)x184.9429, glue set 4.49107 []


Underfull \hbox (badness 6542) in paragraph at lines 59--59
[]|\twelverm Delimita los blo-ques de meta-

\hbox(12.59605+2.33331)x184.9429, glue set 4.03108 []


Underfull \hbox (badness 1715) in paragraph at lines 59--59
\twelverm informacion de cada una de las

\hbox(8.33331+0.0)x184.9429, glue set 2.58131 []


Underfull \hbox (badness 2452) in paragraph at lines 63--63
[]|\twelverm Delimita blo-ques so-bre la in-for-

\hbox(12.59605+2.33331)x184.9429, glue set 2.90608 []


Overfull \hbox (19.66476pt too wide) in alignment at lines 44--65
 [] [] [] [] 

\hbox(0.0+0.0)x412.56497 []


Underfull \vbox (badness 10000) detected at line 65

\vbox(12.59605+0.0)x412.56497 []


Overfull \hbox (19.66476pt too wide) in alignment at lines 65--71
 [] [] [] [] 

\hbox(0.0+0.0)x412.56497 []

[55] [56] [57] [58

]
Appendix C.
<imagenes/scores/Greensleeves.pdf, id=399, 597.23125pt x 845.1575pt>
File: imagenes/scores/Greensleeves.pdf Graphic file (type pdf)

<use imagenes/scores/Greensleeves.pdf>
Package pdftex.def Info: imagenes/scores/Greensleeves.pdf used on input line 80
.
(pdftex.def)             Requested size: 330.05322pt x 467.06908pt.

<imagenes/scores/menuet_bach.pdf, id=400, 597.23125pt x 845.1575pt>
File: imagenes/scores/menuet_bach.pdf Graphic file (type pdf)

<use imagenes/scores/menuet_bach.pdf>
Package pdftex.def Info: imagenes/scores/menuet_bach.pdf used on input line 87.

(pdftex.def)             Requested size: 330.05322pt x 467.06908pt.

<imagenes/scores/Joy_to_the_World.pdf, id=401, 597.23125pt x 845.1575pt>
File: imagenes/scores/Joy_to_the_World.pdf Graphic file (type pdf)

<use imagenes/scores/Joy_to_the_World.pdf>
Package pdftex.def Info: imagenes/scores/Joy_to_the_World.pdf used on input lin
e 94.
(pdftex.def)             Requested size: 330.05322pt x 467.06908pt.

<imagenes/scores/silent_night.pdf, id=402, 597.23125pt x 845.1575pt>
File: imagenes/scores/silent_night.pdf Graphic file (type pdf)

<use imagenes/scores/silent_night.pdf>
Package pdftex.def Info: imagenes/scores/silent_night.pdf used on input line 10
1.
(pdftex.def)             Requested size: 330.05322pt x 467.06908pt.

<imagenes/scores/Twinkle_Twinkle_Little_Star.pdf, id=403, 597.23125pt x 845.157
5pt>
File: imagenes/scores/Twinkle_Twinkle_Little_Star.pdf Graphic file (type pdf)
 <use imagenes/scores/Twinkle_Twinkle_Little_Star.pdf>
Package pdftex.def Info: imagenes/scores/Twinkle_Twinkle_Little_Star.pdf used o
n input line 108.
(pdftex.def)             Requested size: 330.05322pt x 467.06908pt.

<imagenes/scores/simple_chords.pdf, id=404, 597.23125pt x 845.1575pt>
File: imagenes/scores/simple_chords.pdf Graphic file (type pdf)

<use imagenes/scores/simple_chords.pdf>
Package pdftex.def Info: imagenes/scores/simple_chords.pdf used on input line 1
14.
(pdftex.def)             Requested size: 330.05322pt x 467.06908pt.

<imagenes/scores/freetimerests.pdf, id=405, 597.23125pt x 845.1575pt>
File: imagenes/scores/freetimerests.pdf Graphic file (type pdf)

<use imagenes/scores/freetimerests.pdf>
Package pdftex.def Info: imagenes/scores/freetimerests.pdf used on input line 1
21.
(pdftex.def)             Requested size: 330.05322pt x 467.06908pt.

<imagenes/scores/Chord_Test.pdf, id=406, 597.23125pt x 845.1575pt>
File: imagenes/scores/Chord_Test.pdf Graphic file (type pdf)

<use imagenes/scores/Chord_Test.pdf>
Package pdftex.def Info: imagenes/scores/Chord_Test.pdf used on input line 128.

(pdftex.def)             Requested size: 330.05322pt x 467.06908pt.
 [59] [60 <./imagenes/scores/Greensleeves.pdf>] [61 <./imagenes/scores/menuet_b
ach.pdf>] [62 <./imagenes/scores/Joy_to_the_World.pdf>] [63 <./imagenes/scores/
silent_night.pdf>] [64 <./imagenes/scores/Twinkle_Twinkle_Little_Star.pdf>] [65
 <./imagenes/scores/simple_chords.pdf>]
[66 <./imagenes/scores/freetimerests.pdf>] [67 <./imagenes/scores/Chord_Test.pd
f>] [68

]
Appendix D.
[69] [70]
Appendix E.
[71

] [72] <imagenes/usage/metainfo.png, id=573, 766.865pt x 120.45pt>
File: imagenes/usage/metainfo.png Graphic file (type png)

<use imagenes/usage/metainfo.png>
Package pdftex.def Info: imagenes/usage/metainfo.png used on input line 202.
(pdftex.def)             Requested size: 330.05322pt x 51.8421pt.

<imagenes/usage/harmony_select.png, id=574, 645.41125pt x 355.3275pt>
File: imagenes/usage/harmony_select.png Graphic file (type png)

<use imagenes/usage/harmony_select.png>
Package pdftex.def Info: imagenes/usage/harmony_select.png used on input line 2
11.
(pdftex.def)             Requested size: 330.05322pt x 181.70801pt.
 [73 <./imagenes/usage/metainfo.png>]
[74 <./imagenes/usage/harmony_select.png>] [75]
<imagenes/usage/select_silence.jpg, id=585, 702.625pt x 228.855pt>
File: imagenes/usage/select_silence.jpg Graphic file (type jpg)

<use imagenes/usage/select_silence.jpg>
Package pdftex.def Info: imagenes/usage/select_silence.jpg used on input line 2
51.
(pdftex.def)             Requested size: 330.05322pt x 107.50598pt.

<imagenes/usage/invisible_silence.jpg, id=586, 702.625pt x 228.855pt>
File: imagenes/usage/invisible_silence.jpg Graphic file (type jpg)

<use imagenes/usage/invisible_silence.jpg>
Package pdftex.def Info: imagenes/usage/invisible_silence.jpg used on input lin
e 253.
(pdftex.def)             Requested size: 330.05322pt x 107.50598pt.
 [76 <./imagenes/usage/select_silence.jpg> <./imagenes/usage/invisible_silence.
jpg>]
<imagenes/usage/completion_select.png, id=590, 814.04124pt x 323.2075pt>
File: imagenes/usage/completion_select.png Graphic file (type png)

<use imagenes/usage/completion_select.png>
Package pdftex.def Info: imagenes/usage/completion_select.png used on input lin
e 264.
(pdftex.def)             Requested size: 330.05322pt x 131.04134pt.
 [77 <./imagenes/usage/completion_select.png>]) (root.bbl [78


] [79]
** WARNING: IEEEtran.bst: No hyphenation pattern has been
** loaded for the language `English'. Using the pattern for
** the default language instead.
** WARNING: IEEEtran.bst: No hyphenation pattern has been
** loaded for the language `English'. Using the pattern for
** the default language instead.
** WARNING: IEEEtran.bst: No hyphenation pattern has been
** loaded for the language `English'. Using the pattern for
** the default language instead.
** WARNING: IEEEtran.bst: No hyphenation pattern has been
** loaded for the language `English'. Using the pattern for
** the default language instead.
)
Package minitoc Info: I0009
(minitoc)             Listing minitoc auxiliary files. 
(minitoc)             Creating the root.maf file.
\openout3 = `root.maf'.



Package minitoc(hints) Warning: W0024
(minitoc(hints))                Some hints have been written 
(minitoc(hints))                in the root.log file.

[80] (root.aux (cover.aux) (abstract.aux) (keywords.aux) (introduction.aux)
(contextualization.aux) (implementation.aux) (evaluation.aux) (conclusions.aux)
(appendix.aux)) ) 
Here is how much of TeX's memory you used:
 9749 strings out of 493335
 125831 string characters out of 3136680
 243706 words of memory out of 3000000
 12649 multiletter control sequences out of 15000+200000
 52060 words of font info for 185 fonts, out of 3000000 for 9000
 1141 hyphenation exceptions out of 8191
 39i,11n,45p,1299b,345s stack positions out of 5000i,500n,10000p,200000b,50000s
{C:/Program Files (x86)/MiKTeX 2.9/fonts/enc/dvips/fontname/8r
.enc}<C:/Program Files (x86)/MiKTeX 2.9/fonts/type1/public/amsfonts/cm/cmbx10.p
fb><C:/Program Files (x86)/MiKTeX 2.9/fonts/type1/public/amsfonts/cm/cmbx12.pfb
><C:/Program Files (x86)/MiKTeX 2.9/fonts/type1/public/amsfonts/cm/cmbxsl10.pfb
><C:/Program Files (x86)/MiKTeX 2.9/fonts/type1/public/amsfonts/cm/cmcsc10.pfb>
<C:/Program Files (x86)/MiKTeX 2.9/fonts/type1/public/amsfonts/cm/cmmi12.pfb><C
:/Program Files (x86)/MiKTeX 2.9/fonts/type1/public/amsfonts/cm/cmr10.pfb><C:/P
rogram Files (x86)/MiKTeX 2.9/fonts/type1/public/amsfonts/cm/cmr12.pfb><C:/Prog
ram Files (x86)/MiKTeX 2.9/fonts/type1/public/amsfonts/cm/cmr7.pfb><C:/Program 
Files (x86)/MiKTeX 2.9/fonts/type1/public/amsfonts/cm/cmr8.pfb><C:/Program File
s (x86)/MiKTeX 2.9/fonts/type1/public/amsfonts/cm/cmssbx10.pfb><C:/Program File
s (x86)/MiKTeX 2.9/fonts/type1/public/amsfonts/cm/cmsy10.pfb><C:/Program Files 
(x86)/MiKTeX 2.9/fonts/type1/public/amsfonts/cm/cmti10.pfb><C:/Program Files (x
86)/MiKTeX 2.9/fonts/type1/public/amsfonts/cm/cmti12.pfb><C:/Program Files (x86
)/MiKTeX 2.9/fonts/type1/public/amsfonts/cm/cmtt10.pfb><C:/Program Files (x86)/
MiKTeX 2.9/fonts/type1/public/amsfonts/cm/cmtt12.pfb><C:/Program Files (x86)/Mi
KTeX 2.9/fonts/type1/public/eurosym/feymr10.pfb><C:/Program Files (x86)/MiKTeX 
2.9/fonts/type1/urw/avantgar/uagk8a.pfb>
Output written on root.pdf (88 pages, 2030961 bytes).
PDF statistics:
 661 PDF objects out of 1000 (max. 8388607)
 0 named destinations out of 1000 (max. 500000)
 196 words of extra memory for PDF output out of 10000 (max. 10000000)

